2022-12-19 14:41:03,161 : INFO : space-syntax : Starting operation romanplan
2022-12-19 14:41:03,161 : INFO : space-syntax : Downloading osm files...
2022-12-19 14:41:03,161 : INFO : space-syntax : Downloading map for: romanplan.osm ...
2022-12-19 14:41:03,356 : INFO : space-syntax : Downloading osm files took 0:00:00.195494
2022-12-19 14:41:03,356 : INFO : space-syntax : Converting /results/romanplan/romanplan/osm.shp to /results/romanplan/romanplan/osm.dxf
2022-12-19 14:41:03,394 : INFO : space-syntax : running: depthmapXcli -v  because: Using depthmapX cli version:
2022-12-19 14:41:03,402 : INFO : space-syntax : Using depthmapX cli version: -> depthmapX 0.8.0
2022-12-19 14:41:03,403 : INFO : space-syntax : ['depthmapXcli -v ' exited with 0] and took 0:00:00.009091¬
2022-12-19 14:41:03,403 : INFO : space-syntax : running: depthmapXcli -m IMPORT -it drawing -f '/results/romanplan/romanplan/osm.dxf' -o '/results/romanplan/romanplan/osm.graph'  because: Transform dxf to shape file
2022-12-19 14:41:03,413 : INFO : space-syntax : ["depthmapXcli -m IMPORT -it drawing -f '/results/romanplan/romanplan/osm.dxf' -o '/results/romanplan/romanplan/osm.graph' " exited with 0] and took 0:00:00.009699¬
2022-12-19 14:41:03,413 : INFO : space-syntax : running: depthmapXcli -m MAPCONVERT -f /results/romanplan/romanplan/osm.graph -o /results/romanplan/romanplan/osm-axial-map.graph -p -co axial -con axialMap because: Converting to axial map
2022-12-19 14:41:03,418 : INFO : space-syntax : This operation may take longer than 25 minutes to complete!!!
2022-12-19 14:41:03,418 : INFO : space-syntax : running: depthmapXcli -m MAPCONVERT -f /results/romanplan/romanplan/osm.graph -o /results/romanplan/romanplan/osm-segment-map.graph -p -co segment -con segmentMap because: Converting to segment map
2022-12-19 14:41:03,424 : INFO : space-syntax : Converting to axial map -> Loading graph /results/romanplan/romanplan/osm.graph ok
2022-12-19 14:41:03,424 : INFO : space-syntax : Converting to axial map ->  ok
2022-12-19 14:41:03,424 : INFO : space-syntax : Converting to axial map -> Writing out result... ok
2022-12-19 14:41:03,424 : INFO : space-syntax : ['depthmapXcli -m MAPCONVERT -f /results/romanplan/romanplan/osm.graph -o /results/romanplan/romanplan/osm-axial-map.graph -p -co axial -con axialMap' exited with 0] and took 0:00:00.010923¬
2022-12-19 14:41:03,424 : INFO : space-syntax : running: depthmapXcli -m AXIAL -f /results/romanplan/romanplan/osm-axial-map.graph -o /results/romanplan/romanplan/osm-axial-analysis.graph -p -xa n -xac 3,300,n because: Performing axial analysis
2022-12-19 14:41:03,429 : INFO : space-syntax : Converting to segment map -> Loading graph /results/romanplan/romanplan/osm.graph ok
2022-12-19 14:41:03,429 : INFO : space-syntax : Converting to segment map ->  ok
2022-12-19 14:41:03,429 : INFO : space-syntax : Converting to segment map -> Writing out result... ok
2022-12-19 14:41:03,429 : INFO : space-syntax : ['depthmapXcli -m MAPCONVERT -f /results/romanplan/romanplan/osm.graph -o /results/romanplan/romanplan/osm-segment-map.graph -p -co segment -con segmentMap' exited with 0] and took 0:00:00.011222¬
2022-12-19 14:41:03,429 : INFO : space-syntax : running: depthmapXcli -m SEGMENT -f /results/romanplan/romanplan/osm-segment-map.graph -o /results/romanplan/romanplan/osm-segment-analysis.graph -p  -st tulip -srt metric -sic n -stb 1024 -sr 300,1000,n because: Performing segment analysis
2022-12-19 14:41:03,434 : INFO : space-syntax : Performing axial analysis -> Loading graph /results/romanplan/romanplan/osm-axial-map.graph ok
2022-12-19 14:41:03,434 : INFO : space-syntax : Performing axial analysis -> Running axial analysis... ok
2022-12-19 14:41:03,434 : INFO : space-syntax : Performing axial analysis -> Writing out result... ok
2022-12-19 14:41:03,435 : INFO : space-syntax : ['depthmapXcli -m AXIAL -f /results/romanplan/romanplan/osm-axial-map.graph -o /results/romanplan/romanplan/osm-axial-analysis.graph -p -xa n -xac 3,300,n' exited with 0] and took 0:00:00.010967¬
2022-12-19 14:41:03,435 : INFO : space-syntax : running: depthmapXcli -m EXPORT -f /results/romanplan/romanplan/osm-axial-analysis.graph -o /results/romanplan/romanplan/osm.axial.mif -em shapegraph-map-mif because: Exporting axial analysis to mif
2022-12-19 14:41:03,440 : INFO : space-syntax : Performing segment analysis -> Loading graph /results/romanplan/romanplan/osm-segment-map.graph ok
2022-12-19 14:41:03,443 : INFO : space-syntax : Exporting axial analysis to mif -> Loading graph /results/romanplan/romanplan/osm-axial-analysis.graph ok
2022-12-19 14:41:03,445 : INFO : space-syntax : Performing segment analysis -> Running segment analysis... ok
2022-12-19 14:41:03,445 : INFO : space-syntax : Performing segment analysis -> Writing out result... ok
2022-12-19 14:41:03,446 : INFO : space-syntax : ['depthmapXcli -m EXPORT -f /results/romanplan/romanplan/osm-axial-analysis.graph -o /results/romanplan/romanplan/osm.axial.mif -em shapegraph-map-mif' exited with 0] and took 0:00:00.010499¬
2022-12-19 14:41:03,527 : INFO : space-syntax : ['depthmapXcli -m SEGMENT -f /results/romanplan/romanplan/osm-segment-map.graph -o /results/romanplan/romanplan/osm-segment-analysis.graph -p  -st tulip -srt metric -sic n -stb 1024 -sr 300,1000,n' exited with 0] and took 0:00:00.097569¬
2022-12-19 14:41:03,527 : INFO : space-syntax : running: depthmapXcli -m EXPORT -f /results/romanplan/romanplan/osm-segment-analysis.graph -o /results/romanplan/romanplan/osm.segment.mif -em shapegraph-map-mif because: Exporting segment analysis to mif
2022-12-19 14:41:03,536 : INFO : space-syntax : Exporting segment analysis to mif -> Loading graph /results/romanplan/romanplan/osm-segment-analysis.graph ok
2022-12-19 14:41:03,539 : INFO : space-syntax : ['depthmapXcli -m EXPORT -f /results/romanplan/romanplan/osm-segment-analysis.graph -o /results/romanplan/romanplan/osm.segment.mif -em shapegraph-map-mif' exited with 0] and took 0:00:00.011809¬
2022-12-19 14:41:03,610 : INFO : space-syntax : Exported axial files: 
2022-12-19 14:41:03,610 : INFO : space-syntax : Exported segment files: 
2022-12-19 14:41:03,610 : INFO : space-syntax : Operation romanplan took 0:00:00.450304
2022-12-20 09:58:39,533 : INFO : space-syntax : Starting operation romanplan
2022-12-20 09:58:39,533 : INFO : space-syntax : Downloading osm files...
2022-12-20 09:58:39,533 : INFO : space-syntax : Downloading map for: romanplan.osm ...
2022-12-20 09:58:39,724 : INFO : space-syntax : Downloading osm files took 0:00:00.192478
2022-12-20 09:58:39,724 : INFO : space-syntax : Converting /results/romanplan/romanplan/osm.shp to /results/romanplan/romanplan/osm.dxf
2022-12-20 09:58:39,762 : INFO : space-syntax : running: depthmapXcli -v  because: Using depthmapX cli version:
2022-12-20 09:58:39,770 : INFO : space-syntax : Using depthmapX cli version: -> depthmapX 0.8.0
2022-12-20 09:58:39,771 : INFO : space-syntax : ['depthmapXcli -v ' exited with 0] and took 0:00:00.008986¬
2022-12-20 09:58:39,771 : INFO : space-syntax : running: depthmapXcli -m IMPORT -it drawing -f '/results/romanplan/romanplan/osm.dxf' -o '/results/romanplan/romanplan/osm.graph'  because: Transform dxf to shape file
2022-12-20 09:58:39,781 : INFO : space-syntax : ["depthmapXcli -m IMPORT -it drawing -f '/results/romanplan/romanplan/osm.dxf' -o '/results/romanplan/romanplan/osm.graph' " exited with 0] and took 0:00:00.009494¬
2022-12-20 09:58:39,781 : INFO : space-syntax : running: depthmapXcli -m MAPCONVERT -f /results/romanplan/romanplan/osm.graph -o /results/romanplan/romanplan/osm-axial-map.graph -p -co axial -con axialMap because: Converting to axial map
2022-12-20 09:58:39,786 : INFO : space-syntax : This operation may take longer than 25 minutes to complete!!!
2022-12-20 09:58:39,787 : INFO : space-syntax : running: depthmapXcli -m MAPCONVERT -f /results/romanplan/romanplan/osm.graph -o /results/romanplan/romanplan/osm-segment-map.graph -p -co segment -con segmentMap because: Converting to segment map
2022-12-20 09:58:39,792 : INFO : space-syntax : Converting to axial map -> Loading graph /results/romanplan/romanplan/osm.graph ok
2022-12-20 09:58:39,792 : INFO : space-syntax : Converting to axial map ->  ok
2022-12-20 09:58:39,793 : INFO : space-syntax : Converting to axial map -> Writing out result... ok
2022-12-20 09:58:39,793 : INFO : space-syntax : ['depthmapXcli -m MAPCONVERT -f /results/romanplan/romanplan/osm.graph -o /results/romanplan/romanplan/osm-axial-map.graph -p -co axial -con axialMap' exited with 0] and took 0:00:00.011766¬
2022-12-20 09:58:39,793 : INFO : space-syntax : running: depthmapXcli -m AXIAL -f /results/romanplan/romanplan/osm-axial-map.graph -o /results/romanplan/romanplan/osm-axial-analysis.graph -p -xa n -xac 3,300,n because: Performing axial analysis
2022-12-20 09:58:39,798 : INFO : space-syntax : Converting to segment map -> Loading graph /results/romanplan/romanplan/osm.graph ok
2022-12-20 09:58:39,798 : INFO : space-syntax : Converting to segment map ->  ok
2022-12-20 09:58:39,798 : INFO : space-syntax : Converting to segment map -> Writing out result... ok
2022-12-20 09:58:39,799 : INFO : space-syntax : ['depthmapXcli -m MAPCONVERT -f /results/romanplan/romanplan/osm.graph -o /results/romanplan/romanplan/osm-segment-map.graph -p -co segment -con segmentMap' exited with 0] and took 0:00:00.012078¬
2022-12-20 09:58:39,799 : INFO : space-syntax : running: depthmapXcli -m SEGMENT -f /results/romanplan/romanplan/osm-segment-map.graph -o /results/romanplan/romanplan/osm-segment-analysis.graph -p  -st tulip -srt metric -sic n -stb 1024 -sr 300,1000,n because: Performing segment analysis
2022-12-20 09:58:39,804 : INFO : space-syntax : Performing axial analysis -> Loading graph /results/romanplan/romanplan/osm-axial-map.graph ok
2022-12-20 09:58:39,804 : INFO : space-syntax : Performing axial analysis -> Running axial analysis... ok
2022-12-20 09:58:39,804 : INFO : space-syntax : Performing axial analysis -> Writing out result... ok
2022-12-20 09:58:39,805 : INFO : space-syntax : ['depthmapXcli -m AXIAL -f /results/romanplan/romanplan/osm-axial-map.graph -o /results/romanplan/romanplan/osm-axial-analysis.graph -p -xa n -xac 3,300,n' exited with 0] and took 0:00:00.011787¬
2022-12-20 09:58:39,805 : INFO : space-syntax : running: depthmapXcli -m EXPORT -f /results/romanplan/romanplan/osm-axial-analysis.graph -o /results/romanplan/romanplan/osm.axial.mif -em shapegraph-map-mif because: Exporting axial analysis to mif
2022-12-20 09:58:39,809 : INFO : space-syntax : Performing segment analysis -> Loading graph /results/romanplan/romanplan/osm-segment-map.graph ok
2022-12-20 09:58:39,812 : INFO : space-syntax : Exporting axial analysis to mif -> Loading graph /results/romanplan/romanplan/osm-axial-analysis.graph ok
2022-12-20 09:58:39,815 : INFO : space-syntax : ['depthmapXcli -m EXPORT -f /results/romanplan/romanplan/osm-axial-analysis.graph -o /results/romanplan/romanplan/osm.axial.mif -em shapegraph-map-mif' exited with 0] and took 0:00:00.009536¬
2022-12-20 09:58:39,880 : INFO : space-syntax : Performing segment analysis -> Running segment analysis... ok
2022-12-20 09:58:39,880 : INFO : space-syntax : Performing segment analysis -> Writing out result... ok
2022-12-20 09:58:39,880 : INFO : space-syntax : ['depthmapXcli -m SEGMENT -f /results/romanplan/romanplan/osm-segment-map.graph -o /results/romanplan/romanplan/osm-segment-analysis.graph -p  -st tulip -srt metric -sic n -stb 1024 -sr 300,1000,n' exited with 0] and took 0:00:00.081392¬
2022-12-20 09:58:39,880 : INFO : space-syntax : running: depthmapXcli -m EXPORT -f /results/romanplan/romanplan/osm-segment-analysis.graph -o /results/romanplan/romanplan/osm.segment.mif -em shapegraph-map-mif because: Exporting segment analysis to mif
2022-12-20 09:58:39,889 : INFO : space-syntax : Exporting segment analysis to mif -> Loading graph /results/romanplan/romanplan/osm-segment-analysis.graph ok
2022-12-20 09:58:39,892 : INFO : space-syntax : ['depthmapXcli -m EXPORT -f /results/romanplan/romanplan/osm-segment-analysis.graph -o /results/romanplan/romanplan/osm.segment.mif -em shapegraph-map-mif' exited with 0] and took 0:00:00.011362¬
2022-12-20 09:58:39,962 : INFO : space-syntax : Exported axial files: 
2022-12-20 09:58:39,963 : INFO : space-syntax : Exported segment files: 
2022-12-20 09:58:39,963 : INFO : space-syntax : Operation romanplan took 0:00:00.431158
2022-12-20 15:13:32,973 : INFO : space-syntax : Starting operation romanplan
2022-12-20 15:13:32,973 : INFO : space-syntax : Downloading osm files...
2022-12-20 15:13:32,974 : INFO : space-syntax : Downloading map for: romanplan.osm ...
2022-12-20 15:13:33,142 : INFO : space-syntax : Downloading osm files took 0:00:00.169578
2022-12-20 15:13:33,142 : INFO : space-syntax : Converting /results/romanplan/romanplan/osm.shp to /results/romanplan/romanplan/osm.dxf
2022-12-20 15:13:33,178 : INFO : space-syntax : running: depthmapXcli -v  because: Using depthmapX cli version:
2022-12-20 15:13:33,184 : INFO : space-syntax : Using depthmapX cli version: -> depthmapX 0.8.0
2022-12-20 15:13:33,185 : INFO : space-syntax : ['depthmapXcli -v ' exited with 0] and took 0:00:00.007191¬
2022-12-20 15:13:33,185 : INFO : space-syntax : running: depthmapXcli -m IMPORT -it drawing -f '/results/romanplan/romanplan/osm.dxf' -o '/results/romanplan/romanplan/osm.graph'  because: Transform dxf to shape file
2022-12-20 15:13:33,194 : INFO : space-syntax : ["depthmapXcli -m IMPORT -it drawing -f '/results/romanplan/romanplan/osm.dxf' -o '/results/romanplan/romanplan/osm.graph' " exited with 0] and took 0:00:00.008314¬
2022-12-20 15:13:33,194 : INFO : space-syntax : running: depthmapXcli -m MAPCONVERT -f /results/romanplan/romanplan/osm.graph -o /results/romanplan/romanplan/osm-axial-map.graph -p -co axial -con axialMap because: Converting to axial map
2022-12-20 15:13:33,198 : INFO : space-syntax : This operation may take longer than 25 minutes to complete!!!
2022-12-20 15:13:33,198 : INFO : space-syntax : running: depthmapXcli -m MAPCONVERT -f /results/romanplan/romanplan/osm.graph -o /results/romanplan/romanplan/osm-segment-map.graph -p -co segment -con segmentMap because: Converting to segment map
2022-12-20 15:13:33,202 : INFO : space-syntax : Converting to axial map -> Loading graph /results/romanplan/romanplan/osm.graph ok
2022-12-20 15:13:33,203 : INFO : space-syntax : Converting to axial map ->  ok
2022-12-20 15:13:33,203 : INFO : space-syntax : Converting to axial map -> Writing out result... ok
2022-12-20 15:13:33,203 : INFO : space-syntax : ['depthmapXcli -m MAPCONVERT -f /results/romanplan/romanplan/osm.graph -o /results/romanplan/romanplan/osm-axial-map.graph -p -co axial -con axialMap' exited with 0] and took 0:00:00.009175¬
2022-12-20 15:13:33,203 : INFO : space-syntax : running: depthmapXcli -m AXIAL -f /results/romanplan/romanplan/osm-axial-map.graph -o /results/romanplan/romanplan/osm-axial-analysis.graph -p -xa n -xac 3,300,n because: Performing axial analysis
2022-12-20 15:13:33,208 : INFO : space-syntax : Converting to segment map -> Loading graph /results/romanplan/romanplan/osm.graph ok
2022-12-20 15:13:33,208 : INFO : space-syntax : Converting to segment map ->  ok
2022-12-20 15:13:33,208 : INFO : space-syntax : Converting to segment map -> Writing out result... ok
2022-12-20 15:13:33,209 : INFO : space-syntax : ['depthmapXcli -m MAPCONVERT -f /results/romanplan/romanplan/osm.graph -o /results/romanplan/romanplan/osm-segment-map.graph -p -co segment -con segmentMap' exited with 0] and took 0:00:00.010470¬
2022-12-20 15:13:33,209 : INFO : space-syntax : running: depthmapXcli -m SEGMENT -f /results/romanplan/romanplan/osm-segment-map.graph -o /results/romanplan/romanplan/osm-segment-analysis.graph -p  -st tulip -srt metric -sic n -stb 1024 -sr 300,1000,n because: Performing segment analysis
2022-12-20 15:13:33,213 : INFO : space-syntax : Performing axial analysis -> Loading graph /results/romanplan/romanplan/osm-axial-map.graph ok
2022-12-20 15:13:33,213 : INFO : space-syntax : Performing axial analysis -> Running axial analysis... ok
2022-12-20 15:13:33,214 : INFO : space-syntax : Performing axial analysis -> Writing out result... ok
2022-12-20 15:13:33,214 : INFO : space-syntax : ['depthmapXcli -m AXIAL -f /results/romanplan/romanplan/osm-axial-map.graph -o /results/romanplan/romanplan/osm-axial-analysis.graph -p -xa n -xac 3,300,n' exited with 0] and took 0:00:00.010951¬
2022-12-20 15:13:33,214 : INFO : space-syntax : running: depthmapXcli -m EXPORT -f /results/romanplan/romanplan/osm-axial-analysis.graph -o /results/romanplan/romanplan/osm.axial.mif -em shapegraph-map-mif because: Exporting axial analysis to mif
2022-12-20 15:13:33,219 : INFO : space-syntax : Performing segment analysis -> Loading graph /results/romanplan/romanplan/osm-segment-map.graph ok
2022-12-20 15:13:33,221 : INFO : space-syntax : Exporting axial analysis to mif -> Loading graph /results/romanplan/romanplan/osm-axial-analysis.graph ok
2022-12-20 15:13:33,224 : INFO : space-syntax : Performing segment analysis -> Running segment analysis... ok
2022-12-20 15:13:33,224 : INFO : space-syntax : ['depthmapXcli -m EXPORT -f /results/romanplan/romanplan/osm-axial-analysis.graph -o /results/romanplan/romanplan/osm.axial.mif -em shapegraph-map-mif' exited with 0] and took 0:00:00.009669¬
2022-12-20 15:13:33,289 : INFO : space-syntax : Performing segment analysis -> Writing out result... ok
2022-12-20 15:13:33,289 : INFO : space-syntax : ['depthmapXcli -m SEGMENT -f /results/romanplan/romanplan/osm-segment-map.graph -o /results/romanplan/romanplan/osm-segment-analysis.graph -p  -st tulip -srt metric -sic n -stb 1024 -sr 300,1000,n' exited with 0] and took 0:00:00.080647¬
2022-12-20 15:13:33,289 : INFO : space-syntax : running: depthmapXcli -m EXPORT -f /results/romanplan/romanplan/osm-segment-analysis.graph -o /results/romanplan/romanplan/osm.segment.mif -em shapegraph-map-mif because: Exporting segment analysis to mif
2022-12-20 15:13:33,297 : INFO : space-syntax : Exporting segment analysis to mif -> Loading graph /results/romanplan/romanplan/osm-segment-analysis.graph ok
2022-12-20 15:13:33,300 : INFO : space-syntax : ['depthmapXcli -m EXPORT -f /results/romanplan/romanplan/osm-segment-analysis.graph -o /results/romanplan/romanplan/osm.segment.mif -em shapegraph-map-mif' exited with 0] and took 0:00:00.010626¬
2022-12-20 15:13:33,370 : INFO : space-syntax : Exported axial files: 
2022-12-20 15:13:33,371 : INFO : space-syntax : Exported segment files: 
2022-12-20 15:13:33,371 : INFO : space-syntax : Operation romanplan took 0:00:00.398715
2023-01-04 12:45:00,614 : INFO : space-syntax : Starting operation romanplan
2023-01-04 12:45:00,614 : INFO : space-syntax : Downloading osm files...
2023-01-04 12:45:00,614 : INFO : space-syntax : Downloading map for: romanplan.osm ...
2023-01-04 12:45:00,803 : INFO : space-syntax : Downloading osm files took 0:00:00.190312
2023-01-04 12:45:00,803 : INFO : space-syntax : Converting /results/romanplan/romanplan/osm.shp to /results/romanplan/romanplan/osm.dxf
2023-01-04 12:45:00,840 : INFO : space-syntax : running: depthmapXcli -v  because: Using depthmapX cli version:
2023-01-04 12:45:00,849 : INFO : space-syntax : Using depthmapX cli version: -> depthmapX 0.8.0
2023-01-04 12:45:00,850 : INFO : space-syntax : ['depthmapXcli -v ' exited with 0] and took 0:00:00.009503¬
2023-01-04 12:45:00,850 : INFO : space-syntax : running: depthmapXcli -m IMPORT -it drawing -f '/results/romanplan/romanplan/osm.dxf' -o '/results/romanplan/romanplan/osm.graph'  because: Transform dxf to shape file
2023-01-04 12:45:00,860 : INFO : space-syntax : ["depthmapXcli -m IMPORT -it drawing -f '/results/romanplan/romanplan/osm.dxf' -o '/results/romanplan/romanplan/osm.graph' " exited with 0] and took 0:00:00.010031¬
2023-01-04 12:45:00,860 : INFO : space-syntax : running: depthmapXcli -m MAPCONVERT -f /results/romanplan/romanplan/osm.graph -o /results/romanplan/romanplan/osm-axial-map.graph -p -co axial -con axialMap because: Converting to axial map
2023-01-04 12:45:00,865 : INFO : space-syntax : This operation may take longer than 25 minutes to complete!!!
2023-01-04 12:45:00,866 : INFO : space-syntax : running: depthmapXcli -m MAPCONVERT -f /results/romanplan/romanplan/osm.graph -o /results/romanplan/romanplan/osm-segment-map.graph -p -co segment -con segmentMap because: Converting to segment map
2023-01-04 12:45:00,870 : INFO : space-syntax : Converting to axial map -> Loading graph /results/romanplan/romanplan/osm.graph ok
2023-01-04 12:45:00,871 : INFO : space-syntax : Converting to axial map ->  ok
2023-01-04 12:45:00,871 : INFO : space-syntax : Converting to axial map -> Writing out result... ok
2023-01-04 12:45:00,871 : INFO : space-syntax : ['depthmapXcli -m MAPCONVERT -f /results/romanplan/romanplan/osm.graph -o /results/romanplan/romanplan/osm-axial-map.graph -p -co axial -con axialMap' exited with 0] and took 0:00:00.010789¬
2023-01-04 12:45:00,871 : INFO : space-syntax : running: depthmapXcli -m AXIAL -f /results/romanplan/romanplan/osm-axial-map.graph -o /results/romanplan/romanplan/osm-axial-analysis.graph -p -xa n -xac 3,300,n because: Performing axial analysis
2023-01-04 12:45:00,876 : INFO : space-syntax : Converting to segment map -> Loading graph /results/romanplan/romanplan/osm.graph ok
2023-01-04 12:45:00,876 : INFO : space-syntax : Converting to segment map ->  ok
2023-01-04 12:45:00,877 : INFO : space-syntax : Converting to segment map -> Writing out result... ok
2023-01-04 12:45:00,877 : INFO : space-syntax : ['depthmapXcli -m MAPCONVERT -f /results/romanplan/romanplan/osm.graph -o /results/romanplan/romanplan/osm-segment-map.graph -p -co segment -con segmentMap' exited with 0] and took 0:00:00.011169¬
2023-01-04 12:45:00,877 : INFO : space-syntax : running: depthmapXcli -m SEGMENT -f /results/romanplan/romanplan/osm-segment-map.graph -o /results/romanplan/romanplan/osm-segment-analysis.graph -p  -st tulip -srt metric -sic n -stb 1024 -sr 300,1000,n because: Performing segment analysis
2023-01-04 12:45:00,882 : INFO : space-syntax : Performing axial analysis -> Loading graph /results/romanplan/romanplan/osm-axial-map.graph ok
2023-01-04 12:45:00,882 : INFO : space-syntax : Performing axial analysis -> Running axial analysis... ok
2023-01-04 12:45:00,882 : INFO : space-syntax : Performing axial analysis -> Writing out result... ok
2023-01-04 12:45:00,883 : INFO : space-syntax : ['depthmapXcli -m AXIAL -f /results/romanplan/romanplan/osm-axial-map.graph -o /results/romanplan/romanplan/osm-axial-analysis.graph -p -xa n -xac 3,300,n' exited with 0] and took 0:00:00.011482¬
2023-01-04 12:45:00,883 : INFO : space-syntax : running: depthmapXcli -m EXPORT -f /results/romanplan/romanplan/osm-axial-analysis.graph -o /results/romanplan/romanplan/osm.axial.mif -em shapegraph-map-mif because: Exporting axial analysis to mif
2023-01-04 12:45:00,888 : INFO : space-syntax : Performing segment analysis -> Loading graph /results/romanplan/romanplan/osm-segment-map.graph ok
2023-01-04 12:45:00,890 : INFO : space-syntax : Exporting axial analysis to mif -> Loading graph /results/romanplan/romanplan/osm-axial-analysis.graph ok
2023-01-04 12:45:00,893 : INFO : space-syntax : ['depthmapXcli -m EXPORT -f /results/romanplan/romanplan/osm-axial-analysis.graph -o /results/romanplan/romanplan/osm.axial.mif -em shapegraph-map-mif' exited with 0] and took 0:00:00.010001¬
2023-01-04 12:45:00,958 : INFO : space-syntax : Performing segment analysis -> Running segment analysis... ok
2023-01-04 12:45:00,959 : INFO : space-syntax : Performing segment analysis -> Writing out result... ok
2023-01-04 12:45:00,959 : INFO : space-syntax : ['depthmapXcli -m SEGMENT -f /results/romanplan/romanplan/osm-segment-map.graph -o /results/romanplan/romanplan/osm-segment-analysis.graph -p  -st tulip -srt metric -sic n -stb 1024 -sr 300,1000,n' exited with 0] and took 0:00:00.081672¬
2023-01-04 12:45:00,959 : INFO : space-syntax : running: depthmapXcli -m EXPORT -f /results/romanplan/romanplan/osm-segment-analysis.graph -o /results/romanplan/romanplan/osm.segment.mif -em shapegraph-map-mif because: Exporting segment analysis to mif
2023-01-04 12:45:00,967 : INFO : space-syntax : Exporting segment analysis to mif -> Loading graph /results/romanplan/romanplan/osm-segment-analysis.graph ok
2023-01-04 12:45:00,971 : INFO : space-syntax : ['depthmapXcli -m EXPORT -f /results/romanplan/romanplan/osm-segment-analysis.graph -o /results/romanplan/romanplan/osm.segment.mif -em shapegraph-map-mif' exited with 0] and took 0:00:00.011945¬
2023-01-04 12:45:01,041 : INFO : space-syntax : Exported axial files: 
2023-01-04 12:45:01,041 : INFO : space-syntax : Exported segment files: 
2023-01-04 12:45:01,041 : INFO : space-syntax : Operation romanplan took 0:00:00.428493
2023-01-09 10:43:01,911 : INFO : space-syntax : Starting operation romanplan
2023-01-09 10:43:01,911 : INFO : space-syntax : Downloading osm files...
2023-01-09 10:43:01,911 : INFO : space-syntax : Downloading map for: romanplan.osm ...
2023-01-09 10:43:02,092 : INFO : space-syntax : Downloading osm files took 0:00:00.182309
2023-01-09 10:43:02,092 : INFO : space-syntax : Converting /results/romanplan/romanplan/osm.shp to /results/romanplan/romanplan/osm.dxf
2023-01-09 10:43:02,273 : INFO : space-syntax : CRS:  epsg:32636
2023-01-09 10:43:02,289 : INFO : space-syntax : running: depthmapXcli -v  because: Using depthmapX cli version:
2023-01-09 10:43:02,300 : INFO : space-syntax : Using depthmapX cli version: -> depthmapX 0.8.0
2023-01-09 10:43:02,301 : INFO : space-syntax : ['depthmapXcli -v ' exited with 0] and took 0:00:00.011478¬
2023-01-09 10:43:02,301 : INFO : space-syntax : running: depthmapXcli -m IMPORT -it drawing -f '/results/romanplan/romanplan/osm.dxf' -o '/results/romanplan/romanplan/osm.graph'  because: Transform dxf to shape file
2023-01-09 10:43:02,312 : INFO : space-syntax : ["depthmapXcli -m IMPORT -it drawing -f '/results/romanplan/romanplan/osm.dxf' -o '/results/romanplan/romanplan/osm.graph' " exited with 0] and took 0:00:00.011204¬
2023-01-09 10:43:02,313 : INFO : space-syntax : running: depthmapXcli -m MAPCONVERT -f /results/romanplan/romanplan/osm.graph -o /results/romanplan/romanplan/osm-axial-map.graph -p -co axial -con axialMap because: Converting to axial map
2023-01-09 10:43:02,319 : INFO : space-syntax : This operation may take longer than 25 minutes to complete!!!
2023-01-09 10:43:02,319 : INFO : space-syntax : running: depthmapXcli -m MAPCONVERT -f /results/romanplan/romanplan/osm.graph -o /results/romanplan/romanplan/osm-segment-map.graph -p -co segment -con segmentMap because: Converting to segment map
2023-01-09 10:43:02,326 : INFO : space-syntax : Converting to axial map -> Loading graph /results/romanplan/romanplan/osm.graph ok
2023-01-09 10:43:02,327 : INFO : space-syntax : Converting to axial map ->  ok
2023-01-09 10:43:02,327 : INFO : space-syntax : Converting to axial map -> Writing out result... ok
2023-01-09 10:43:02,327 : INFO : space-syntax : ['depthmapXcli -m MAPCONVERT -f /results/romanplan/romanplan/osm.graph -o /results/romanplan/romanplan/osm-axial-map.graph -p -co axial -con axialMap' exited with 0] and took 0:00:00.014232¬
2023-01-09 10:43:02,327 : INFO : space-syntax : running: depthmapXcli -m AXIAL -f /results/romanplan/romanplan/osm-axial-map.graph -o /results/romanplan/romanplan/osm-axial-analysis.graph -p -xa n -xac 3,300,n because: Performing axial analysis
2023-01-09 10:43:02,333 : INFO : space-syntax : Converting to segment map -> Loading graph /results/romanplan/romanplan/osm.graph ok
2023-01-09 10:43:02,333 : INFO : space-syntax : Converting to segment map ->  ok
2023-01-09 10:43:02,333 : INFO : space-syntax : Converting to segment map -> Writing out result... ok
2023-01-09 10:43:02,333 : INFO : space-syntax : ['depthmapXcli -m MAPCONVERT -f /results/romanplan/romanplan/osm.graph -o /results/romanplan/romanplan/osm-segment-map.graph -p -co segment -con segmentMap' exited with 0] and took 0:00:00.014076¬
2023-01-09 10:43:02,333 : INFO : space-syntax : running: depthmapXcli -m SEGMENT -f /results/romanplan/romanplan/osm-segment-map.graph -o /results/romanplan/romanplan/osm-segment-analysis.graph -p  -st tulip -srt metric -sic n -stb 1024 -sr 300,1000,n because: Performing segment analysis
2023-01-09 10:43:02,340 : INFO : space-syntax : Performing axial analysis -> Loading graph /results/romanplan/romanplan/osm-axial-map.graph ok
2023-01-09 10:43:02,340 : INFO : space-syntax : Performing axial analysis -> Running axial analysis... ok
2023-01-09 10:43:02,340 : INFO : space-syntax : Performing axial analysis -> Writing out result... ok
2023-01-09 10:43:02,340 : INFO : space-syntax : ['depthmapXcli -m AXIAL -f /results/romanplan/romanplan/osm-axial-map.graph -o /results/romanplan/romanplan/osm-axial-analysis.graph -p -xa n -xac 3,300,n' exited with 0] and took 0:00:00.013384¬
2023-01-09 10:43:02,341 : INFO : space-syntax : running: depthmapXcli -m EXPORT -f /results/romanplan/romanplan/osm-axial-analysis.graph -o /results/romanplan/romanplan/osm.axial.mif -em shapegraph-map-mif because: Exporting axial analysis to mif
2023-01-09 10:43:02,346 : INFO : space-syntax : Performing segment analysis -> Loading graph /results/romanplan/romanplan/osm-segment-map.graph ok
2023-01-09 10:43:02,348 : INFO : space-syntax : Exporting axial analysis to mif -> Loading graph /results/romanplan/romanplan/osm-axial-analysis.graph ok
2023-01-09 10:43:02,351 : INFO : space-syntax : Performing segment analysis -> Running segment analysis... ok
2023-01-09 10:43:02,351 : INFO : space-syntax : Performing segment analysis -> Writing out result... ok
2023-01-09 10:43:02,352 : INFO : space-syntax : ['depthmapXcli -m EXPORT -f /results/romanplan/romanplan/osm-axial-analysis.graph -o /results/romanplan/romanplan/osm.axial.mif -em shapegraph-map-mif' exited with None] and took 0:00:00.011104¬
2023-01-09 10:43:02,418 : INFO : space-syntax : ['depthmapXcli -m SEGMENT -f /results/romanplan/romanplan/osm-segment-map.graph -o /results/romanplan/romanplan/osm-segment-analysis.graph -p  -st tulip -srt metric -sic n -stb 1024 -sr 300,1000,n' exited with 0] and took 0:00:00.084654¬
2023-01-09 10:43:02,418 : INFO : space-syntax : running: depthmapXcli -m EXPORT -f /results/romanplan/romanplan/osm-segment-analysis.graph -o /results/romanplan/romanplan/osm.segment.mif -em shapegraph-map-mif because: Exporting segment analysis to mif
2023-01-09 10:43:02,429 : INFO : space-syntax : Exporting segment analysis to mif -> Loading graph /results/romanplan/romanplan/osm-segment-analysis.graph ok
2023-01-09 10:43:02,432 : INFO : space-syntax : ['depthmapXcli -m EXPORT -f /results/romanplan/romanplan/osm-segment-analysis.graph -o /results/romanplan/romanplan/osm.segment.mif -em shapegraph-map-mif' exited with 0] and took 0:00:00.014122¬
2023-01-09 10:43:02,503 : INFO : space-syntax : Exported axial files: 
2023-01-09 10:43:02,503 : INFO : space-syntax : Exported segment files: 
2023-01-09 10:43:02,504 : INFO : space-syntax : Operation romanplan took 0:00:00.594253
2023-02-27 11:20:55,133 : INFO : space-syntax : Starting operation romanplan
2023-02-27 11:20:55,134 : INFO : space-syntax : Downloading osm files...
2023-02-27 11:20:55,134 : INFO : space-syntax : Downloading map for: romanplan.osm ...
2023-02-27 11:20:55,329 : INFO : space-syntax : Downloading osm files took 0:00:00.197186
2023-02-27 11:20:55,329 : INFO : space-syntax : Converting /results/romanplan/romanplan/osm.shp to /results/romanplan/romanplan/osm.dxf
2023-02-27 11:20:55,521 : INFO : space-syntax : CRS:  epsg:32636
2023-02-27 11:20:55,539 : INFO : space-syntax : running: depthmapXcli -v  because: Using depthmapX cli version:
2023-02-27 11:20:55,560 : INFO : space-syntax : Using depthmapX cli version: -> depthmapX 0.8.0
2023-02-27 11:20:55,561 : INFO : space-syntax : ['depthmapXcli -v ' exited with 0] and took 0:00:00.021901¬
2023-02-27 11:20:55,561 : INFO : space-syntax : running: depthmapXcli -m IMPORT -it drawing -f '/results/romanplan/romanplan/osm.dxf' -o '/results/romanplan/romanplan/osm.graph'  because: Transform dxf to shape file
2023-02-27 11:20:55,571 : INFO : space-syntax : ["depthmapXcli -m IMPORT -it drawing -f '/results/romanplan/romanplan/osm.dxf' -o '/results/romanplan/romanplan/osm.graph' " exited with None] and took 0:00:00.009751¬
2023-02-27 11:20:55,572 : INFO : space-syntax : running: depthmapXcli -m MAPCONVERT -f /results/romanplan/romanplan/osm.graph -o /results/romanplan/romanplan/osm-axial-map.graph -p -co axial -con axialMap because: Converting to axial map
2023-02-27 11:20:55,576 : INFO : space-syntax : This operation may take longer than 25 minutes to complete!!!
2023-02-27 11:20:55,577 : INFO : space-syntax : running: depthmapXcli -m MAPCONVERT -f /results/romanplan/romanplan/osm.graph -o /results/romanplan/romanplan/osm-segment-map.graph -p -co segment -con segmentMap because: Converting to segment map
2023-02-27 11:20:55,582 : INFO : space-syntax : Converting to axial map -> Loading graph /results/romanplan/romanplan/osm.graph ok
2023-02-27 11:20:55,582 : INFO : space-syntax : Converting to axial map ->  ok
2023-02-27 11:20:55,582 : INFO : space-syntax : Converting to axial map -> Writing out result... ok
2023-02-27 11:20:55,583 : INFO : space-syntax : ['depthmapXcli -m MAPCONVERT -f /results/romanplan/romanplan/osm.graph -o /results/romanplan/romanplan/osm-axial-map.graph -p -co axial -con axialMap' exited with 0] and took 0:00:00.010928¬
2023-02-27 11:20:55,583 : INFO : space-syntax : running: depthmapXcli -m AXIAL -f /results/romanplan/romanplan/osm-axial-map.graph -o /results/romanplan/romanplan/osm-axial-analysis.graph -p -xa n -xac 3,300,n because: Performing axial analysis
2023-02-27 11:20:55,588 : INFO : space-syntax : Converting to segment map -> Loading graph /results/romanplan/romanplan/osm.graph ok
2023-02-27 11:20:55,589 : INFO : space-syntax : Converting to segment map ->  ok
2023-02-27 11:20:55,589 : INFO : space-syntax : Converting to segment map -> Writing out result... ok
2023-02-27 11:20:55,589 : INFO : space-syntax : ['depthmapXcli -m MAPCONVERT -f /results/romanplan/romanplan/osm.graph -o /results/romanplan/romanplan/osm-segment-map.graph -p -co segment -con segmentMap' exited with 0] and took 0:00:00.012434¬
2023-02-27 11:20:55,589 : INFO : space-syntax : running: depthmapXcli -m SEGMENT -f /results/romanplan/romanplan/osm-segment-map.graph -o /results/romanplan/romanplan/osm-segment-analysis.graph -p  -st tulip -srt metric -sic n -stb 1024 -sr 300,1000,n because: Performing segment analysis
2023-02-27 11:20:55,594 : INFO : space-syntax : Performing axial analysis -> Loading graph /results/romanplan/romanplan/osm-axial-map.graph ok
2023-02-27 11:20:55,594 : INFO : space-syntax : Performing axial analysis -> Running axial analysis... ok
2023-02-27 11:20:55,594 : INFO : space-syntax : Performing axial analysis -> Writing out result... ok
2023-02-27 11:20:55,595 : INFO : space-syntax : ['depthmapXcli -m AXIAL -f /results/romanplan/romanplan/osm-axial-map.graph -o /results/romanplan/romanplan/osm-axial-analysis.graph -p -xa n -xac 3,300,n' exited with 0] and took 0:00:00.012209¬
2023-02-27 11:20:55,595 : INFO : space-syntax : running: depthmapXcli -m EXPORT -f /results/romanplan/romanplan/osm-axial-analysis.graph -o /results/romanplan/romanplan/osm.axial.mif -em shapegraph-map-mif because: Exporting axial analysis to mif
2023-02-27 11:20:55,599 : INFO : space-syntax : Performing segment analysis -> Loading graph /results/romanplan/romanplan/osm-segment-map.graph ok
2023-02-27 11:20:55,602 : INFO : space-syntax : Exporting axial analysis to mif -> Loading graph /results/romanplan/romanplan/osm-axial-analysis.graph ok
2023-02-27 11:20:55,605 : INFO : space-syntax : Performing segment analysis -> Running segment analysis... ok
2023-02-27 11:20:55,605 : INFO : space-syntax : ['depthmapXcli -m EXPORT -f /results/romanplan/romanplan/osm-axial-analysis.graph -o /results/romanplan/romanplan/osm.axial.mif -em shapegraph-map-mif' exited with 0] and took 0:00:00.010291¬
2023-02-27 11:20:55,684 : INFO : space-syntax : Performing segment analysis -> Writing out result... ok
2023-02-27 11:20:55,685 : INFO : space-syntax : ['depthmapXcli -m SEGMENT -f /results/romanplan/romanplan/osm-segment-map.graph -o /results/romanplan/romanplan/osm-segment-analysis.graph -p  -st tulip -srt metric -sic n -stb 1024 -sr 300,1000,n' exited with 0] and took 0:00:00.095585¬
2023-02-27 11:20:55,685 : INFO : space-syntax : running: depthmapXcli -m EXPORT -f /results/romanplan/romanplan/osm-segment-analysis.graph -o /results/romanplan/romanplan/osm.segment.mif -em shapegraph-map-mif because: Exporting segment analysis to mif
2023-02-27 11:20:55,693 : INFO : space-syntax : Exporting segment analysis to mif -> Loading graph /results/romanplan/romanplan/osm-segment-analysis.graph ok
2023-02-27 11:20:55,696 : INFO : space-syntax : ['depthmapXcli -m EXPORT -f /results/romanplan/romanplan/osm-segment-analysis.graph -o /results/romanplan/romanplan/osm.segment.mif -em shapegraph-map-mif' exited with 0] and took 0:00:00.010928¬
2023-02-27 11:20:55,769 : INFO : space-syntax : Exported axial files: 
2023-02-27 11:20:55,769 : INFO : space-syntax : Exported segment files: 
2023-02-27 11:20:55,769 : INFO : space-syntax : Operation romanplan took 0:00:00.637458
