2022-11-29 11:14:15,618 : INFO : space-syntax : Starting operation pw
2022-11-29 11:14:15,619 : INFO : space-syntax : Downloading osm files...
2022-11-29 11:14:15,619 : INFO : space-syntax : Downloading map for: pw.osm ...
2022-11-29 11:14:15,902 : INFO : space-syntax : Downloading osm files took 0:00:00.289022
2022-11-29 11:14:15,903 : INFO : space-syntax : Converting /results/pw/pw/osm.shp to /results/pw/pw/osm.dxf
2022-11-29 11:14:15,947 : INFO : space-syntax : running: depthmapXcli -v  because: Using depthmapX cli version:
2022-11-29 11:14:15,952 : INFO : space-syntax : Using depthmapX cli version: -> depthmapX 0.8.0
2022-11-29 11:14:15,953 : INFO : space-syntax : ['depthmapXcli -v ' exited with 0] and took 0:00:00.006315¬
2022-11-29 11:14:15,954 : INFO : space-syntax : running: depthmapXcli -m IMPORT -it drawing -f '/results/pw/pw/osm.dxf' -o '/results/pw/pw/osm.graph'  because: Transform dxf to shape file
2022-11-29 11:14:16,022 : INFO : space-syntax : ["depthmapXcli -m IMPORT -it drawing -f '/results/pw/pw/osm.dxf' -o '/results/pw/pw/osm.graph' " exited with None] and took 0:00:00.068112¬
2022-11-29 11:14:16,023 : INFO : space-syntax : running: depthmapXcli -m MAPCONVERT -f /results/pw/pw/osm.graph -o /results/pw/pw/osm-axial-map.graph -p -co axial -con axialMap because: Converting to axial map
2022-11-29 11:14:16,027 : INFO : space-syntax : This operation may take longer than 25 minutes to complete!!!
2022-11-29 11:14:16,028 : INFO : space-syntax : running: depthmapXcli -m MAPCONVERT -f /results/pw/pw/osm.graph -o /results/pw/pw/osm-segment-map.graph -p -co segment -con segmentMap because: Converting to segment map
2022-11-29 11:14:16,034 : INFO : space-syntax : Converting to axial map -> Loading graph /results/pw/pw/osm.graph ok
2022-11-29 11:14:16,035 : INFO : space-syntax : Converting to axial map ->  ok
2022-11-29 11:14:16,038 : INFO : space-syntax : Converting to segment map -> Loading graph /results/pw/pw/osm.graph ok
2022-11-29 11:14:16,039 : INFO : space-syntax : Converting to segment map ->  ok
2022-11-29 11:14:16,044 : INFO : space-syntax : Converting to axial map -> Writing out result... ok
2022-11-29 11:14:16,045 : INFO : space-syntax : ['depthmapXcli -m MAPCONVERT -f /results/pw/pw/osm.graph -o /results/pw/pw/osm-axial-map.graph -p -co axial -con axialMap' exited with 0] and took 0:00:00.022061¬
2022-11-29 11:14:16,045 : INFO : space-syntax : running: depthmapXcli -m AXIAL -f /results/pw/pw/osm-axial-map.graph -o /results/pw/pw/osm-axial-analysis.graph -p -xa n -xac 3,300,n because: Performing axial analysis
2022-11-29 11:14:16,051 : INFO : space-syntax : Converting to segment map -> Writing out result... ok
2022-11-29 11:14:16,052 : INFO : space-syntax : ['depthmapXcli -m MAPCONVERT -f /results/pw/pw/osm.graph -o /results/pw/pw/osm-segment-map.graph -p -co segment -con segmentMap' exited with 0] and took 0:00:00.024305¬
2022-11-29 11:14:16,052 : INFO : space-syntax : running: depthmapXcli -m SEGMENT -f /results/pw/pw/osm-segment-map.graph -o /results/pw/pw/osm-segment-analysis.graph -p  -st tulip -srt metric -sic n -stb 1024 -sr 300,1000,n because: Performing segment analysis
2022-11-29 11:14:16,059 : INFO : space-syntax : Performing axial analysis -> Loading graph /results/pw/pw/osm-axial-map.graph ok
2022-11-29 11:14:16,060 : INFO : space-syntax : Performing axial analysis -> Running axial analysis... ok
2022-11-29 11:14:16,064 : INFO : space-syntax : Performing segment analysis -> Loading graph /results/pw/pw/osm-segment-map.graph ok
2022-11-29 11:14:16,065 : INFO : space-syntax : Performing segment analysis -> Running segment analysis... ok
2022-11-29 11:14:16,073 : INFO : space-syntax : Performing axial analysis -> Writing out result... ok
2022-11-29 11:14:16,073 : INFO : space-syntax : ['depthmapXcli -m AXIAL -f /results/pw/pw/osm-axial-map.graph -o /results/pw/pw/osm-axial-analysis.graph -p -xa n -xac 3,300,n' exited with 0] and took 0:00:00.027724¬
2022-11-29 11:14:16,074 : INFO : space-syntax : running: depthmapXcli -m EXPORT -f /results/pw/pw/osm-axial-analysis.graph -o /results/pw/pw/osm.axial.mif -em shapegraph-map-mif because: Exporting axial analysis to mif
2022-11-29 11:14:16,079 : INFO : space-syntax : Performing segment analysis -> Writing out result... ok
2022-11-29 11:14:16,080 : INFO : space-syntax : ['depthmapXcli -m SEGMENT -f /results/pw/pw/osm-segment-map.graph -o /results/pw/pw/osm-segment-analysis.graph -p  -st tulip -srt metric -sic n -stb 1024 -sr 300,1000,n' exited with 0] and took 0:00:00.027850¬
2022-11-29 11:14:16,081 : INFO : space-syntax : running: depthmapXcli -m EXPORT -f /results/pw/pw/osm-segment-analysis.graph -o /results/pw/pw/osm.segment.mif -em shapegraph-map-mif because: Exporting segment analysis to mif
2022-11-29 11:14:16,089 : INFO : space-syntax : Exporting axial analysis to mif -> Loading graph /results/pw/pw/osm-axial-analysis.graph ok
2022-11-29 11:14:16,095 : INFO : space-syntax : Exporting segment analysis to mif -> Loading graph /results/pw/pw/osm-segment-analysis.graph ok
2022-11-29 11:14:16,103 : INFO : space-syntax : ['depthmapXcli -m EXPORT -f /results/pw/pw/osm-axial-analysis.graph -o /results/pw/pw/osm.axial.mif -em shapegraph-map-mif' exited with None] and took 0:00:00.029608¬
2022-11-29 11:14:16,298 : INFO : space-syntax : ['depthmapXcli -m EXPORT -f /results/pw/pw/osm-segment-analysis.graph -o /results/pw/pw/osm.segment.mif -em shapegraph-map-mif' exited with 0] and took 0:00:00.216763¬
2022-11-29 11:14:16,504 : INFO : space-syntax : Exported axial files: 
2022-11-29 11:14:16,504 : INFO : space-syntax : Exported segment files: 
2022-11-29 11:14:16,505 : INFO : space-syntax : Operation pw took 0:00:00.891900
2022-11-29 11:14:39,132 : INFO : space-syntax : Starting operation pw
2022-11-29 11:14:39,133 : INFO : space-syntax : Downloading osm files...
2022-11-29 11:14:39,133 : INFO : space-syntax : Downloading map for: pw.osm ...
2022-11-29 11:14:39,383 : INFO : space-syntax : Downloading osm files took 0:00:00.278069
2022-11-29 11:14:39,384 : INFO : space-syntax : Converting /results/pw/pw/osm.shp to /results/pw/pw/osm.dxf
2022-11-29 11:14:39,435 : INFO : space-syntax : running: depthmapXcli -v  because: Using depthmapX cli version:
2022-11-29 11:14:39,441 : INFO : space-syntax : Using depthmapX cli version: -> depthmapX 0.8.0
2022-11-29 11:14:39,442 : INFO : space-syntax : ['depthmapXcli -v ' exited with None] and took 0:00:00.007256¬
2022-11-29 11:14:39,443 : INFO : space-syntax : running: depthmapXcli -m IMPORT -it drawing -f '/results/pw/pw/osm.dxf' -o '/results/pw/pw/osm.graph'  because: Transform dxf to shape file
2022-11-29 11:14:39,512 : INFO : space-syntax : ["depthmapXcli -m IMPORT -it drawing -f '/results/pw/pw/osm.dxf' -o '/results/pw/pw/osm.graph' " exited with None] and took 0:00:00.069498¬
2022-11-29 11:14:39,513 : INFO : space-syntax : running: depthmapXcli -m MAPCONVERT -f /results/pw/pw/osm.graph -o /results/pw/pw/osm-axial-map.graph -p -co axial -con axialMap because: Converting to axial map
2022-11-29 11:14:39,517 : INFO : space-syntax : This operation may take longer than 25 minutes to complete!!!
2022-11-29 11:14:39,518 : INFO : space-syntax : running: depthmapXcli -m MAPCONVERT -f /results/pw/pw/osm.graph -o /results/pw/pw/osm-segment-map.graph -p -co segment -con segmentMap because: Converting to segment map
2022-11-29 11:14:39,525 : INFO : space-syntax : Converting to axial map -> Loading graph /results/pw/pw/osm.graph ok
2022-11-29 11:14:39,525 : INFO : space-syntax : Converting to axial map ->  ok
2022-11-29 11:14:39,529 : INFO : space-syntax : Converting to segment map -> Loading graph /results/pw/pw/osm.graph ok
2022-11-29 11:14:39,530 : INFO : space-syntax : Converting to segment map ->  ok
2022-11-29 11:14:39,534 : INFO : space-syntax : Converting to axial map -> Writing out result... ok
2022-11-29 11:14:39,535 : INFO : space-syntax : ['depthmapXcli -m MAPCONVERT -f /results/pw/pw/osm.graph -o /results/pw/pw/osm-axial-map.graph -p -co axial -con axialMap' exited with 0] and took 0:00:00.021643¬
2022-11-29 11:14:39,535 : INFO : space-syntax : running: depthmapXcli -m AXIAL -f /results/pw/pw/osm-axial-map.graph -o /results/pw/pw/osm-axial-analysis.graph -p -xa n -xac 3,300,n because: Performing axial analysis
2022-11-29 11:14:39,542 : INFO : space-syntax : Converting to segment map -> Writing out result... ok
2022-11-29 11:14:39,543 : INFO : space-syntax : ['depthmapXcli -m MAPCONVERT -f /results/pw/pw/osm.graph -o /results/pw/pw/osm-segment-map.graph -p -co segment -con segmentMap' exited with 0] and took 0:00:00.025436¬
2022-11-29 11:14:39,544 : INFO : space-syntax : running: depthmapXcli -m SEGMENT -f /results/pw/pw/osm-segment-map.graph -o /results/pw/pw/osm-segment-analysis.graph -p  -st tulip -srt metric -sic n -stb 1024 -sr 300,1000,n because: Performing segment analysis
2022-11-29 11:14:39,550 : INFO : space-syntax : Performing axial analysis -> Loading graph /results/pw/pw/osm-axial-map.graph ok
2022-11-29 11:14:39,550 : INFO : space-syntax : Performing axial analysis -> Running axial analysis... ok
2022-11-29 11:14:39,554 : INFO : space-syntax : Performing segment analysis -> Loading graph /results/pw/pw/osm-segment-map.graph ok
2022-11-29 11:14:39,555 : INFO : space-syntax : Performing segment analysis -> Running segment analysis... ok
2022-11-29 11:14:39,559 : INFO : space-syntax : Performing axial analysis -> Writing out result... ok
2022-11-29 11:14:39,560 : INFO : space-syntax : ['depthmapXcli -m AXIAL -f /results/pw/pw/osm-axial-map.graph -o /results/pw/pw/osm-axial-analysis.graph -p -xa n -xac 3,300,n' exited with 0] and took 0:00:00.024473¬
2022-11-29 11:14:39,561 : INFO : space-syntax : running: depthmapXcli -m EXPORT -f /results/pw/pw/osm-axial-analysis.graph -o /results/pw/pw/osm.axial.mif -em shapegraph-map-mif because: Exporting axial analysis to mif
2022-11-29 11:14:39,568 : INFO : space-syntax : Performing segment analysis -> Writing out result... ok
2022-11-29 11:14:39,569 : INFO : space-syntax : ['depthmapXcli -m SEGMENT -f /results/pw/pw/osm-segment-map.graph -o /results/pw/pw/osm-segment-analysis.graph -p  -st tulip -srt metric -sic n -stb 1024 -sr 300,1000,n' exited with 0] and took 0:00:00.024743¬
2022-11-29 11:14:39,569 : INFO : space-syntax : running: depthmapXcli -m EXPORT -f /results/pw/pw/osm-segment-analysis.graph -o /results/pw/pw/osm.segment.mif -em shapegraph-map-mif because: Exporting segment analysis to mif
2022-11-29 11:14:39,576 : INFO : space-syntax : Exporting axial analysis to mif -> Loading graph /results/pw/pw/osm-axial-analysis.graph ok
2022-11-29 11:14:39,581 : INFO : space-syntax : Exporting segment analysis to mif -> Loading graph /results/pw/pw/osm-segment-analysis.graph ok
2022-11-29 11:14:39,588 : INFO : space-syntax : ['depthmapXcli -m EXPORT -f /results/pw/pw/osm-axial-analysis.graph -o /results/pw/pw/osm.axial.mif -em shapegraph-map-mif' exited with None] and took 0:00:00.027270¬
2022-11-29 11:14:39,737 : INFO : space-syntax : ['depthmapXcli -m EXPORT -f /results/pw/pw/osm-segment-analysis.graph -o /results/pw/pw/osm.segment.mif -em shapegraph-map-mif' exited with 0] and took 0:00:00.167856¬
2022-11-29 11:14:39,893 : INFO : space-syntax : Exported axial files: 
2022-11-29 11:14:39,894 : INFO : space-syntax : Exported segment files: 
2022-11-29 11:14:39,894 : INFO : space-syntax : Operation pw took 0:00:00.789008
