2022-12-06 19:00:09,930 : INFO : space-syntax : Starting operation metapont_plan
2022-12-06 19:00:09,931 : INFO : space-syntax : Downloading osm files...
2022-12-06 19:00:09,932 : INFO : space-syntax : Downloading map for: metapont_plan.osm ...
2022-12-06 19:00:10,106 : INFO : space-syntax : Downloading osm files took 0:00:00.181545
2022-12-06 19:00:10,107 : INFO : space-syntax : Converting /results/metapont_plan/metapont_plan/osm.shp to /results/metapont_plan/metapont_plan/osm.dxf
2022-12-06 19:00:10,154 : INFO : space-syntax : running: depthmapXcli -v  because: Using depthmapX cli version:
2022-12-06 19:00:10,161 : INFO : space-syntax : Using depthmapX cli version: -> depthmapX 0.8.0
2022-12-06 19:00:10,162 : INFO : space-syntax : ['depthmapXcli -v ' exited with 0] and took 0:00:00.007988¬
2022-12-06 19:00:10,163 : INFO : space-syntax : running: depthmapXcli -m IMPORT -it drawing -f '/results/metapont_plan/metapont_plan/osm.dxf' -o '/results/metapont_plan/metapont_plan/osm.graph'  because: Transform dxf to shape file
2022-12-06 19:00:10,178 : INFO : space-syntax : ["depthmapXcli -m IMPORT -it drawing -f '/results/metapont_plan/metapont_plan/osm.dxf' -o '/results/metapont_plan/metapont_plan/osm.graph' " exited with None] and took 0:00:00.014095¬
2022-12-06 19:00:10,178 : INFO : space-syntax : running: depthmapXcli -m MAPCONVERT -f /results/metapont_plan/metapont_plan/osm.graph -o /results/metapont_plan/metapont_plan/osm-axial-map.graph -p -co axial -con axialMap because: Converting to axial map
2022-12-06 19:00:10,182 : INFO : space-syntax : This operation may take longer than 25 minutes to complete!!!
2022-12-06 19:00:10,183 : INFO : space-syntax : running: depthmapXcli -m MAPCONVERT -f /results/metapont_plan/metapont_plan/osm.graph -o /results/metapont_plan/metapont_plan/osm-segment-map.graph -p -co segment -con segmentMap because: Converting to segment map
2022-12-06 19:00:10,189 : INFO : space-syntax : Converting to axial map -> Loading graph /results/metapont_plan/metapont_plan/osm.graph ok
2022-12-06 19:00:10,190 : INFO : space-syntax : Converting to axial map ->  ok
2022-12-06 19:00:10,193 : INFO : space-syntax : Converting to segment map -> Loading graph /results/metapont_plan/metapont_plan/osm.graph ok
2022-12-06 19:00:10,194 : INFO : space-syntax : Converting to segment map ->  ok
2022-12-06 19:00:10,203 : INFO : space-syntax : Converting to axial map -> Writing out result... ok
2022-12-06 19:00:10,204 : INFO : space-syntax : ['depthmapXcli -m MAPCONVERT -f /results/metapont_plan/metapont_plan/osm.graph -o /results/metapont_plan/metapont_plan/osm-axial-map.graph -p -co axial -con axialMap' exited with 0] and took 0:00:00.025663¬
2022-12-06 19:00:10,205 : INFO : space-syntax : running: depthmapXcli -m AXIAL -f /results/metapont_plan/metapont_plan/osm-axial-map.graph -o /results/metapont_plan/metapont_plan/osm-axial-analysis.graph -p -xa n -xac 3,300,n because: Performing axial analysis
2022-12-06 19:00:10,209 : INFO : space-syntax : Converting to segment map -> Writing out result... ok
2022-12-06 19:00:10,210 : INFO : space-syntax : ['depthmapXcli -m MAPCONVERT -f /results/metapont_plan/metapont_plan/osm.graph -o /results/metapont_plan/metapont_plan/osm-segment-map.graph -p -co segment -con segmentMap' exited with 0] and took 0:00:00.027572¬
2022-12-06 19:00:10,211 : INFO : space-syntax : running: depthmapXcli -m SEGMENT -f /results/metapont_plan/metapont_plan/osm-segment-map.graph -o /results/metapont_plan/metapont_plan/osm-segment-analysis.graph -p  -st tulip -srt metric -sic n -stb 1024 -sr 300,1000,n because: Performing segment analysis
2022-12-06 19:00:10,217 : INFO : space-syntax : Performing axial analysis -> Loading graph /results/metapont_plan/metapont_plan/osm-axial-map.graph ok
2022-12-06 19:00:10,218 : INFO : space-syntax : Performing axial analysis -> Running axial analysis... ok
2022-12-06 19:00:10,220 : INFO : space-syntax : Performing axial analysis -> Writing out result... ok
2022-12-06 19:00:10,221 : INFO : space-syntax : ['depthmapXcli -m AXIAL -f /results/metapont_plan/metapont_plan/osm-axial-map.graph -o /results/metapont_plan/metapont_plan/osm-axial-analysis.graph -p -xa n -xac 3,300,n' exited with 0] and took 0:00:00.015877¬
2022-12-06 19:00:10,221 : INFO : space-syntax : running: depthmapXcli -m EXPORT -f /results/metapont_plan/metapont_plan/osm-axial-analysis.graph -o /results/metapont_plan/metapont_plan/osm.axial.mif -em shapegraph-map-mif because: Exporting axial analysis to mif
2022-12-06 19:00:10,227 : INFO : space-syntax : Performing segment analysis -> Loading graph /results/metapont_plan/metapont_plan/osm-segment-map.graph ok
2022-12-06 19:00:10,228 : INFO : space-syntax : Performing segment analysis -> Running segment analysis... ok
2022-12-06 19:00:10,231 : INFO : space-syntax : Performing segment analysis -> Writing out result... ok
2022-12-06 19:00:10,231 : INFO : space-syntax : ['depthmapXcli -m SEGMENT -f /results/metapont_plan/metapont_plan/osm-segment-map.graph -o /results/metapont_plan/metapont_plan/osm-segment-analysis.graph -p  -st tulip -srt metric -sic n -stb 1024 -sr 300,1000,n' exited with 0] and took 0:00:00.020667¬
2022-12-06 19:00:10,232 : INFO : space-syntax : running: depthmapXcli -m EXPORT -f /results/metapont_plan/metapont_plan/osm-segment-analysis.graph -o /results/metapont_plan/metapont_plan/osm.segment.mif -em shapegraph-map-mif because: Exporting segment analysis to mif
2022-12-06 19:00:10,241 : INFO : space-syntax : Exporting axial analysis to mif -> Loading graph /results/metapont_plan/metapont_plan/osm-axial-analysis.graph ok
2022-12-06 19:00:10,246 : INFO : space-syntax : Exporting segment analysis to mif -> Loading graph /results/metapont_plan/metapont_plan/osm-segment-analysis.graph ok
2022-12-06 19:00:10,250 : INFO : space-syntax : ['depthmapXcli -m EXPORT -f /results/metapont_plan/metapont_plan/osm-axial-analysis.graph -o /results/metapont_plan/metapont_plan/osm.axial.mif -em shapegraph-map-mif' exited with None] and took 0:00:00.029092¬
2022-12-06 19:00:10,324 : INFO : space-syntax : ['depthmapXcli -m EXPORT -f /results/metapont_plan/metapont_plan/osm-segment-analysis.graph -o /results/metapont_plan/metapont_plan/osm.segment.mif -em shapegraph-map-mif' exited with 0] and took 0:00:00.091618¬
2022-12-06 19:00:10,407 : INFO : space-syntax : Exported axial files: 
2022-12-06 19:00:10,408 : INFO : space-syntax : Exported segment files: 
2022-12-06 19:00:10,408 : INFO : space-syntax : Operation metapont_plan took 0:00:00.483181
2022-12-06 19:00:48,884 : INFO : space-syntax : Starting operation metapont_plan
2022-12-06 19:00:48,885 : INFO : space-syntax : Downloading osm files...
2022-12-06 19:00:48,885 : INFO : space-syntax : Downloading map for: metapont_plan.osm ...
2022-12-06 19:00:49,076 : INFO : space-syntax : Downloading osm files took 0:00:00.197155
2022-12-06 19:00:49,077 : INFO : space-syntax : Converting /results/metapont_plan/metapont_plan/osm.shp to /results/metapont_plan/metapont_plan/osm.dxf
2022-12-06 19:00:49,133 : INFO : space-syntax : running: depthmapXcli -v  because: Using depthmapX cli version:
2022-12-06 19:00:49,139 : INFO : space-syntax : Using depthmapX cli version: -> depthmapX 0.8.0
2022-12-06 19:00:49,140 : INFO : space-syntax : ['depthmapXcli -v ' exited with 0] and took 0:00:00.006933¬
2022-12-06 19:00:49,141 : INFO : space-syntax : running: depthmapXcli -m IMPORT -it drawing -f '/results/metapont_plan/metapont_plan/osm.dxf' -o '/results/metapont_plan/metapont_plan/osm.graph'  because: Transform dxf to shape file
2022-12-06 19:00:49,154 : INFO : space-syntax : ["depthmapXcli -m IMPORT -it drawing -f '/results/metapont_plan/metapont_plan/osm.dxf' -o '/results/metapont_plan/metapont_plan/osm.graph' " exited with None] and took 0:00:00.013705¬
2022-12-06 19:00:49,155 : INFO : space-syntax : running: depthmapXcli -m MAPCONVERT -f /results/metapont_plan/metapont_plan/osm.graph -o /results/metapont_plan/metapont_plan/osm-axial-map.graph -p -co axial -con axialMap because: Converting to axial map
2022-12-06 19:00:49,159 : INFO : space-syntax : This operation may take longer than 25 minutes to complete!!!
2022-12-06 19:00:49,160 : INFO : space-syntax : running: depthmapXcli -m MAPCONVERT -f /results/metapont_plan/metapont_plan/osm.graph -o /results/metapont_plan/metapont_plan/osm-segment-map.graph -p -co segment -con segmentMap because: Converting to segment map
2022-12-06 19:00:49,166 : INFO : space-syntax : Converting to axial map -> Loading graph /results/metapont_plan/metapont_plan/osm.graph ok
2022-12-06 19:00:49,167 : INFO : space-syntax : Converting to axial map ->  ok
2022-12-06 19:00:49,168 : INFO : space-syntax : Converting to axial map -> Writing out result... ok
2022-12-06 19:00:49,169 : INFO : space-syntax : ['depthmapXcli -m MAPCONVERT -f /results/metapont_plan/metapont_plan/osm.graph -o /results/metapont_plan/metapont_plan/osm-axial-map.graph -p -co axial -con axialMap' exited with 0] and took 0:00:00.013506¬
2022-12-06 19:00:49,169 : INFO : space-syntax : running: depthmapXcli -m AXIAL -f /results/metapont_plan/metapont_plan/osm-axial-map.graph -o /results/metapont_plan/metapont_plan/osm-axial-analysis.graph -p -xa n -xac 3,300,n because: Performing axial analysis
2022-12-06 19:00:49,177 : INFO : space-syntax : Converting to segment map -> Loading graph /results/metapont_plan/metapont_plan/osm.graph ok
2022-12-06 19:00:49,178 : INFO : space-syntax : Converting to segment map ->  ok
2022-12-06 19:00:49,179 : INFO : space-syntax : Converting to segment map -> Writing out result... ok
2022-12-06 19:00:49,180 : INFO : space-syntax : ['depthmapXcli -m MAPCONVERT -f /results/metapont_plan/metapont_plan/osm.graph -o /results/metapont_plan/metapont_plan/osm-segment-map.graph -p -co segment -con segmentMap' exited with 0] and took 0:00:00.020815¬
2022-12-06 19:00:49,181 : INFO : space-syntax : running: depthmapXcli -m SEGMENT -f /results/metapont_plan/metapont_plan/osm-segment-map.graph -o /results/metapont_plan/metapont_plan/osm-segment-analysis.graph -p  -st tulip -srt metric -sic n -stb 1024 -sr 300,1000,n because: Performing segment analysis
2022-12-06 19:00:49,187 : INFO : space-syntax : Performing axial analysis -> Loading graph /results/metapont_plan/metapont_plan/osm-axial-map.graph ok
2022-12-06 19:00:49,188 : INFO : space-syntax : Performing axial analysis -> Running axial analysis... ok
2022-12-06 19:00:49,190 : INFO : space-syntax : Performing axial analysis -> Writing out result... ok
2022-12-06 19:00:49,191 : INFO : space-syntax : ['depthmapXcli -m AXIAL -f /results/metapont_plan/metapont_plan/osm-axial-map.graph -o /results/metapont_plan/metapont_plan/osm-axial-analysis.graph -p -xa n -xac 3,300,n' exited with 0] and took 0:00:00.022142¬
2022-12-06 19:00:49,192 : INFO : space-syntax : running: depthmapXcli -m EXPORT -f /results/metapont_plan/metapont_plan/osm-axial-analysis.graph -o /results/metapont_plan/metapont_plan/osm.axial.mif -em shapegraph-map-mif because: Exporting axial analysis to mif
2022-12-06 19:00:49,198 : INFO : space-syntax : Performing segment analysis -> Loading graph /results/metapont_plan/metapont_plan/osm-segment-map.graph ok
2022-12-06 19:00:49,199 : INFO : space-syntax : Performing segment analysis -> Running segment analysis... ok
2022-12-06 19:00:49,201 : INFO : space-syntax : Performing segment analysis -> Writing out result... ok
2022-12-06 19:00:49,202 : INFO : space-syntax : ['depthmapXcli -m SEGMENT -f /results/metapont_plan/metapont_plan/osm-segment-map.graph -o /results/metapont_plan/metapont_plan/osm-segment-analysis.graph -p  -st tulip -srt metric -sic n -stb 1024 -sr 300,1000,n' exited with 0] and took 0:00:00.020501¬
2022-12-06 19:00:49,203 : INFO : space-syntax : running: depthmapXcli -m EXPORT -f /results/metapont_plan/metapont_plan/osm-segment-analysis.graph -o /results/metapont_plan/metapont_plan/osm.segment.mif -em shapegraph-map-mif because: Exporting segment analysis to mif
2022-12-06 19:00:49,210 : INFO : space-syntax : Exporting axial analysis to mif -> Loading graph /results/metapont_plan/metapont_plan/osm-axial-analysis.graph ok
2022-12-06 19:00:49,217 : INFO : space-syntax : Exporting segment analysis to mif -> Loading graph /results/metapont_plan/metapont_plan/osm-segment-analysis.graph ok
2022-12-06 19:00:49,225 : INFO : space-syntax : ['depthmapXcli -m EXPORT -f /results/metapont_plan/metapont_plan/osm-axial-analysis.graph -o /results/metapont_plan/metapont_plan/osm.axial.mif -em shapegraph-map-mif' exited with 0] and took 0:00:00.033252¬
2022-12-06 19:00:49,321 : INFO : space-syntax : ['depthmapXcli -m EXPORT -f /results/metapont_plan/metapont_plan/osm-segment-analysis.graph -o /results/metapont_plan/metapont_plan/osm.segment.mif -em shapegraph-map-mif' exited with 0] and took 0:00:00.117849¬
2022-12-06 19:00:49,410 : INFO : space-syntax : Exported axial files: 
2022-12-06 19:00:49,411 : INFO : space-syntax : Exported segment files: 
2022-12-06 19:00:49,411 : INFO : space-syntax : Operation metapont_plan took 0:00:00.532180
