2023-03-03 12:52:45,622 : INFO : space-syntax : Starting operation Priene_mapa_2
2023-03-03 12:52:45,622 : INFO : space-syntax : Downloading osm files...
2023-03-03 12:52:45,622 : INFO : space-syntax : Downloading map for: Priene_mapa_2.osm ...
2023-03-03 12:52:45,865 : INFO : space-syntax : Downloading osm files took 0:00:00.244886
2023-03-03 12:52:45,866 : INFO : space-syntax : Converting /results/Priene_mapa_2/Priene_mapa_2/osm.shp to /results/Priene_mapa_2/Priene_mapa_2/osm.dxf
2023-03-03 12:52:46,074 : INFO : space-syntax : CRS:  epsg:32635
2023-03-03 12:52:46,100 : INFO : space-syntax : running: depthmapXcli -v  because: Using depthmapX cli version:
2023-03-03 12:52:46,124 : INFO : space-syntax : Using depthmapX cli version: -> depthmapX 0.8.0
2023-03-03 12:52:46,125 : INFO : space-syntax : ['depthmapXcli -v ' exited with 0] and took 0:00:00.024450¬
2023-03-03 12:52:46,125 : INFO : space-syntax : running: depthmapXcli -m IMPORT -it drawing -f '/results/Priene_mapa_2/Priene_mapa_2/osm.dxf' -o '/results/Priene_mapa_2/Priene_mapa_2/osm.graph'  because: Transform dxf to shape file
2023-03-03 12:52:46,137 : INFO : space-syntax : ["depthmapXcli -m IMPORT -it drawing -f '/results/Priene_mapa_2/Priene_mapa_2/osm.dxf' -o '/results/Priene_mapa_2/Priene_mapa_2/osm.graph' " exited with 0] and took 0:00:00.012347¬
2023-03-03 12:52:46,137 : INFO : space-syntax : running: depthmapXcli -m MAPCONVERT -f /results/Priene_mapa_2/Priene_mapa_2/osm.graph -o /results/Priene_mapa_2/Priene_mapa_2/osm-axial-map.graph -p -co axial -con axialMap because: Converting to axial map
2023-03-03 12:52:46,142 : INFO : space-syntax : This operation may take longer than 25 minutes to complete!!!
2023-03-03 12:52:46,143 : INFO : space-syntax : running: depthmapXcli -m MAPCONVERT -f /results/Priene_mapa_2/Priene_mapa_2/osm.graph -o /results/Priene_mapa_2/Priene_mapa_2/osm-segment-map.graph -p -co segment -con segmentMap because: Converting to segment map
2023-03-03 12:52:46,148 : INFO : space-syntax : Converting to axial map -> Loading graph /results/Priene_mapa_2/Priene_mapa_2/osm.graph ok
2023-03-03 12:52:46,150 : INFO : space-syntax : Converting to segment map -> Loading graph /results/Priene_mapa_2/Priene_mapa_2/osm.graph ok
2023-03-03 12:52:46,154 : INFO : space-syntax : Converting to axial map ->  ok
2023-03-03 12:52:46,154 : INFO : space-syntax : Converting to axial map -> Writing out result... ok
2023-03-03 12:52:46,155 : INFO : space-syntax : ['depthmapXcli -m MAPCONVERT -f /results/Priene_mapa_2/Priene_mapa_2/osm.graph -o /results/Priene_mapa_2/Priene_mapa_2/osm-axial-map.graph -p -co axial -con axialMap' exited with 0] and took 0:00:00.017781¬
2023-03-03 12:52:46,155 : INFO : space-syntax : running: depthmapXcli -m AXIAL -f /results/Priene_mapa_2/Priene_mapa_2/osm-axial-map.graph -o /results/Priene_mapa_2/Priene_mapa_2/osm-axial-analysis.graph -p -xa n -xac 3,300,n because: Performing axial analysis
2023-03-03 12:52:46,160 : INFO : space-syntax : Converting to segment map ->  ok
2023-03-03 12:52:46,160 : INFO : space-syntax : Converting to segment map -> Writing out result... ok
2023-03-03 12:52:46,161 : INFO : space-syntax : ['depthmapXcli -m MAPCONVERT -f /results/Priene_mapa_2/Priene_mapa_2/osm.graph -o /results/Priene_mapa_2/Priene_mapa_2/osm-segment-map.graph -p -co segment -con segmentMap' exited with 0] and took 0:00:00.017807¬
2023-03-03 12:52:46,161 : INFO : space-syntax : running: depthmapXcli -m SEGMENT -f /results/Priene_mapa_2/Priene_mapa_2/osm-segment-map.graph -o /results/Priene_mapa_2/Priene_mapa_2/osm-segment-analysis.graph -p  -st tulip -srt metric -sic n -stb 1024 -sr 300,1000,n because: Performing segment analysis
2023-03-03 12:52:46,166 : INFO : space-syntax : Performing axial analysis -> Loading graph /results/Priene_mapa_2/Priene_mapa_2/osm-axial-map.graph ok
2023-03-03 12:52:46,171 : INFO : space-syntax : Performing segment analysis -> Loading graph /results/Priene_mapa_2/Priene_mapa_2/osm-segment-map.graph ok
2023-03-03 12:52:46,192 : INFO : space-syntax : Performing axial analysis -> Running axial analysis... ok
2023-03-03 12:52:46,193 : INFO : space-syntax : Performing axial analysis -> Writing out result... ok
2023-03-03 12:52:46,193 : INFO : space-syntax : ['depthmapXcli -m AXIAL -f /results/Priene_mapa_2/Priene_mapa_2/osm-axial-map.graph -o /results/Priene_mapa_2/Priene_mapa_2/osm-axial-analysis.graph -p -xa n -xac 3,300,n' exited with None] and took 0:00:00.038038¬
2023-03-03 12:52:46,194 : INFO : space-syntax : running: depthmapXcli -m EXPORT -f /results/Priene_mapa_2/Priene_mapa_2/osm-axial-analysis.graph -o /results/Priene_mapa_2/Priene_mapa_2/osm.axial.mif -em shapegraph-map-mif because: Exporting axial analysis to mif
2023-03-03 12:52:46,204 : INFO : space-syntax : Exporting axial analysis to mif -> Loading graph /results/Priene_mapa_2/Priene_mapa_2/osm-axial-analysis.graph ok
2023-03-03 12:52:46,211 : INFO : space-syntax : ['depthmapXcli -m EXPORT -f /results/Priene_mapa_2/Priene_mapa_2/osm-axial-analysis.graph -o /results/Priene_mapa_2/Priene_mapa_2/osm.axial.mif -em shapegraph-map-mif' exited with 0] and took 0:00:00.017197¬
2023-03-03 12:52:46,356 : INFO : space-syntax : Performing segment analysis -> Running segment analysis... ok
2023-03-03 12:52:46,356 : INFO : space-syntax : Performing segment analysis -> Writing out result... ok
2023-03-03 12:52:46,356 : INFO : space-syntax : ['depthmapXcli -m SEGMENT -f /results/Priene_mapa_2/Priene_mapa_2/osm-segment-map.graph -o /results/Priene_mapa_2/Priene_mapa_2/osm-segment-analysis.graph -p  -st tulip -srt metric -sic n -stb 1024 -sr 300,1000,n' exited with 0] and took 0:00:00.195435¬
2023-03-03 12:52:46,356 : INFO : space-syntax : running: depthmapXcli -m EXPORT -f /results/Priene_mapa_2/Priene_mapa_2/osm-segment-analysis.graph -o /results/Priene_mapa_2/Priene_mapa_2/osm.segment.mif -em shapegraph-map-mif because: Exporting segment analysis to mif
2023-03-03 12:52:46,369 : INFO : space-syntax : Exporting segment analysis to mif -> Loading graph /results/Priene_mapa_2/Priene_mapa_2/osm-segment-analysis.graph ok
2023-03-03 12:52:46,377 : INFO : space-syntax : ['depthmapXcli -m EXPORT -f /results/Priene_mapa_2/Priene_mapa_2/osm-segment-analysis.graph -o /results/Priene_mapa_2/Priene_mapa_2/osm.segment.mif -em shapegraph-map-mif' exited with 0] and took 0:00:00.020857¬
2023-03-03 12:52:46,547 : INFO : space-syntax : Exported axial files: 
2023-03-03 12:52:46,547 : INFO : space-syntax : Exported segment files: 
2023-03-03 12:52:46,547 : INFO : space-syntax : Operation Priene_mapa_2 took 0:00:00.926661
2023-03-20 11:28:35,316 : INFO : space-syntax : Starting operation Priene_mapa_2
2023-03-20 11:28:35,332 : INFO : space-syntax : Downloading osm files...
2023-03-20 11:28:35,332 : INFO : space-syntax : Downloading map for: Priene_mapa_2.osm ...
2023-03-20 11:28:35,593 : INFO : space-syntax : Downloading osm files took 0:00:00.278592
2023-03-20 11:28:35,593 : INFO : space-syntax : Converting /results/Priene_mapa_2/Priene_mapa_2/osm.shp to /results/Priene_mapa_2/Priene_mapa_2/osm.dxf
2023-03-20 11:28:35,800 : INFO : space-syntax : CRS:  epsg:32635
2023-03-20 11:28:35,840 : INFO : space-syntax : running: depthmapXcli -v  because: Using depthmapX cli version:
2023-03-20 11:28:35,850 : INFO : space-syntax : Using depthmapX cli version: -> depthmapX 0.8.0
2023-03-20 11:28:35,851 : INFO : space-syntax : ['depthmapXcli -v ' exited with 0] and took 0:00:00.010957¬
2023-03-20 11:28:35,851 : INFO : space-syntax : running: depthmapXcli -m IMPORT -it drawing -f '/results/Priene_mapa_2/Priene_mapa_2/osm.dxf' -o '/results/Priene_mapa_2/Priene_mapa_2/osm.graph'  because: Transform dxf to shape file
2023-03-20 11:28:35,865 : INFO : space-syntax : ["depthmapXcli -m IMPORT -it drawing -f '/results/Priene_mapa_2/Priene_mapa_2/osm.dxf' -o '/results/Priene_mapa_2/Priene_mapa_2/osm.graph' " exited with 0] and took 0:00:00.014325¬
2023-03-20 11:28:35,866 : INFO : space-syntax : running: depthmapXcli -m MAPCONVERT -f /results/Priene_mapa_2/Priene_mapa_2/osm.graph -o /results/Priene_mapa_2/Priene_mapa_2/osm-axial-map.graph -p -co axial -con axialMap because: Converting to axial map
2023-03-20 11:28:35,872 : INFO : space-syntax : This operation may take longer than 25 minutes to complete!!!
2023-03-20 11:28:35,872 : INFO : space-syntax : running: depthmapXcli -m MAPCONVERT -f /results/Priene_mapa_2/Priene_mapa_2/osm.graph -o /results/Priene_mapa_2/Priene_mapa_2/osm-segment-map.graph -p -co segment -con segmentMap because: Converting to segment map
2023-03-20 11:28:35,878 : INFO : space-syntax : Converting to axial map -> Loading graph /results/Priene_mapa_2/Priene_mapa_2/osm.graph ok
2023-03-20 11:28:35,880 : INFO : space-syntax : Converting to segment map -> Loading graph /results/Priene_mapa_2/Priene_mapa_2/osm.graph ok
2023-03-20 11:28:35,882 : INFO : space-syntax : Converting to axial map ->  ok
2023-03-20 11:28:35,882 : INFO : space-syntax : Converting to axial map -> Writing out result... ok
2023-03-20 11:28:35,883 : INFO : space-syntax : ['depthmapXcli -m MAPCONVERT -f /results/Priene_mapa_2/Priene_mapa_2/osm.graph -o /results/Priene_mapa_2/Priene_mapa_2/osm-axial-map.graph -p -co axial -con axialMap' exited with 0] and took 0:00:00.017480¬
2023-03-20 11:28:35,884 : INFO : space-syntax : running: depthmapXcli -m AXIAL -f /results/Priene_mapa_2/Priene_mapa_2/osm-axial-map.graph -o /results/Priene_mapa_2/Priene_mapa_2/osm-axial-analysis.graph -p -xa n -xac 3,300,n because: Performing axial analysis
2023-03-20 11:28:35,889 : INFO : space-syntax : Converting to segment map ->  ok
2023-03-20 11:28:35,889 : INFO : space-syntax : Converting to segment map -> Writing out result... ok
2023-03-20 11:28:35,889 : INFO : space-syntax : ['depthmapXcli -m MAPCONVERT -f /results/Priene_mapa_2/Priene_mapa_2/osm.graph -o /results/Priene_mapa_2/Priene_mapa_2/osm-segment-map.graph -p -co segment -con segmentMap' exited with 0] and took 0:00:00.017116¬
2023-03-20 11:28:35,889 : INFO : space-syntax : running: depthmapXcli -m SEGMENT -f /results/Priene_mapa_2/Priene_mapa_2/osm-segment-map.graph -o /results/Priene_mapa_2/Priene_mapa_2/osm-segment-analysis.graph -p  -st tulip -srt metric -sic n -stb 1024 -sr 300,1000,n because: Performing segment analysis
2023-03-20 11:28:35,894 : INFO : space-syntax : Performing axial analysis -> Loading graph /results/Priene_mapa_2/Priene_mapa_2/osm-axial-map.graph ok
2023-03-20 11:28:35,899 : INFO : space-syntax : Performing segment analysis -> Loading graph /results/Priene_mapa_2/Priene_mapa_2/osm-segment-map.graph ok
2023-03-20 11:28:35,921 : INFO : space-syntax : Performing axial analysis -> Running axial analysis... ok
2023-03-20 11:28:35,921 : INFO : space-syntax : Performing axial analysis -> Writing out result... ok
2023-03-20 11:28:35,922 : INFO : space-syntax : ['depthmapXcli -m AXIAL -f /results/Priene_mapa_2/Priene_mapa_2/osm-axial-map.graph -o /results/Priene_mapa_2/Priene_mapa_2/osm-axial-analysis.graph -p -xa n -xac 3,300,n' exited with 0] and took 0:00:00.038794¬
2023-03-20 11:28:35,922 : INFO : space-syntax : running: depthmapXcli -m EXPORT -f /results/Priene_mapa_2/Priene_mapa_2/osm-axial-analysis.graph -o /results/Priene_mapa_2/Priene_mapa_2/osm.axial.mif -em shapegraph-map-mif because: Exporting axial analysis to mif
2023-03-20 11:28:35,934 : INFO : space-syntax : Exporting axial analysis to mif -> Loading graph /results/Priene_mapa_2/Priene_mapa_2/osm-axial-analysis.graph ok
2023-03-20 11:28:35,941 : INFO : space-syntax : ['depthmapXcli -m EXPORT -f /results/Priene_mapa_2/Priene_mapa_2/osm-axial-analysis.graph -o /results/Priene_mapa_2/Priene_mapa_2/osm.axial.mif -em shapegraph-map-mif' exited with 0] and took 0:00:00.018831¬
2023-03-20 11:28:36,118 : INFO : space-syntax : Performing segment analysis -> Running segment analysis... ok
2023-03-20 11:28:36,118 : INFO : space-syntax : Performing segment analysis -> Writing out result... ok
2023-03-20 11:28:36,119 : INFO : space-syntax : ['depthmapXcli -m SEGMENT -f /results/Priene_mapa_2/Priene_mapa_2/osm-segment-map.graph -o /results/Priene_mapa_2/Priene_mapa_2/osm-segment-analysis.graph -p  -st tulip -srt metric -sic n -stb 1024 -sr 300,1000,n' exited with 0] and took 0:00:00.229169¬
2023-03-20 11:28:36,119 : INFO : space-syntax : running: depthmapXcli -m EXPORT -f /results/Priene_mapa_2/Priene_mapa_2/osm-segment-analysis.graph -o /results/Priene_mapa_2/Priene_mapa_2/osm.segment.mif -em shapegraph-map-mif because: Exporting segment analysis to mif
2023-03-20 11:28:36,131 : INFO : space-syntax : Exporting segment analysis to mif -> Loading graph /results/Priene_mapa_2/Priene_mapa_2/osm-segment-analysis.graph ok
2023-03-20 11:28:36,140 : INFO : space-syntax : ['depthmapXcli -m EXPORT -f /results/Priene_mapa_2/Priene_mapa_2/osm-segment-analysis.graph -o /results/Priene_mapa_2/Priene_mapa_2/osm.segment.mif -em shapegraph-map-mif' exited with 0] and took 0:00:00.021035¬
2023-03-20 11:28:36,327 : INFO : space-syntax : Exported axial files: 
2023-03-20 11:28:36,327 : INFO : space-syntax : Exported segment files: 
2023-03-20 11:28:36,327 : INFO : space-syntax : Operation Priene_mapa_2 took 0:00:01.012572
2023-06-06 07:41:46,222 : INFO : space-syntax : Starting operation Priene_mapa_2
2023-06-06 07:41:46,232 : INFO : space-syntax : Downloading osm files...
2023-06-06 07:41:46,233 : INFO : space-syntax : Downloading map for: Priene_mapa_2.osm ...
2023-06-06 07:41:47,673 : INFO : space-syntax : Downloading osm files took 0:00:01.452800
2023-06-06 07:41:47,674 : INFO : space-syntax : Converting /results/Priene_mapa_2/Priene_mapa_2/osm.shp to /results/Priene_mapa_2/Priene_mapa_2/osm.dxf
2023-06-06 07:41:48,179 : INFO : space-syntax : CRS:  epsg:32635
2023-06-06 07:41:48,240 : INFO : space-syntax : running: depthmapXcli -v  because: Using depthmapX cli version:
2023-06-06 07:41:48,309 : INFO : space-syntax : Using depthmapX cli version: -> depthmapX 0.8.0
2023-06-06 07:41:48,311 : INFO : space-syntax : ['depthmapXcli -v ' exited with 0] and took 0:00:00.071231¬
2023-06-06 07:41:48,311 : INFO : space-syntax : running: depthmapXcli -m IMPORT -it drawing -f '/results/Priene_mapa_2/Priene_mapa_2/osm.dxf' -o '/results/Priene_mapa_2/Priene_mapa_2/osm.graph'  because: Transform dxf to shape file
2023-06-06 07:41:48,333 : INFO : space-syntax : ["depthmapXcli -m IMPORT -it drawing -f '/results/Priene_mapa_2/Priene_mapa_2/osm.dxf' -o '/results/Priene_mapa_2/Priene_mapa_2/osm.graph' " exited with None] and took 0:00:00.021618¬
2023-06-06 07:41:48,333 : INFO : space-syntax : running: depthmapXcli -m MAPCONVERT -f /results/Priene_mapa_2/Priene_mapa_2/osm.graph -o /results/Priene_mapa_2/Priene_mapa_2/osm-axial-map.graph -p -co axial -con axialMap because: Converting to axial map
2023-06-06 07:41:48,340 : INFO : space-syntax : This operation may take longer than 25 minutes to complete!!!
2023-06-06 07:41:48,340 : INFO : space-syntax : running: depthmapXcli -m MAPCONVERT -f /results/Priene_mapa_2/Priene_mapa_2/osm.graph -o /results/Priene_mapa_2/Priene_mapa_2/osm-segment-map.graph -p -co segment -con segmentMap because: Converting to segment map
2023-06-06 07:41:48,347 : INFO : space-syntax : Converting to axial map -> Loading graph /results/Priene_mapa_2/Priene_mapa_2/osm.graph ok
2023-06-06 07:41:48,349 : INFO : space-syntax : Converting to segment map -> Loading graph /results/Priene_mapa_2/Priene_mapa_2/osm.graph ok
2023-06-06 07:41:48,350 : INFO : space-syntax : Converting to axial map ->  ok
2023-06-06 07:41:48,350 : INFO : space-syntax : Converting to axial map -> Writing out result... ok
2023-06-06 07:41:48,351 : INFO : space-syntax : ['depthmapXcli -m MAPCONVERT -f /results/Priene_mapa_2/Priene_mapa_2/osm.graph -o /results/Priene_mapa_2/Priene_mapa_2/osm-axial-map.graph -p -co axial -con axialMap' exited with 0] and took 0:00:00.018143¬
2023-06-06 07:41:48,351 : INFO : space-syntax : running: depthmapXcli -m AXIAL -f /results/Priene_mapa_2/Priene_mapa_2/osm-axial-map.graph -o /results/Priene_mapa_2/Priene_mapa_2/osm-axial-analysis.graph -p -xa n -xac 3,300,n because: Performing axial analysis
2023-06-06 07:41:48,357 : INFO : space-syntax : Converting to segment map ->  ok
2023-06-06 07:41:48,358 : INFO : space-syntax : Converting to segment map -> Writing out result... ok
2023-06-06 07:41:48,358 : INFO : space-syntax : ['depthmapXcli -m MAPCONVERT -f /results/Priene_mapa_2/Priene_mapa_2/osm.graph -o /results/Priene_mapa_2/Priene_mapa_2/osm-segment-map.graph -p -co segment -con segmentMap' exited with 0] and took 0:00:00.018240¬
2023-06-06 07:41:48,358 : INFO : space-syntax : running: depthmapXcli -m SEGMENT -f /results/Priene_mapa_2/Priene_mapa_2/osm-segment-map.graph -o /results/Priene_mapa_2/Priene_mapa_2/osm-segment-analysis.graph -p  -st tulip -srt metric -sic n -stb 1024 -sr 300,1000,n because: Performing segment analysis
2023-06-06 07:41:48,364 : INFO : space-syntax : Performing axial analysis -> Loading graph /results/Priene_mapa_2/Priene_mapa_2/osm-axial-map.graph ok
2023-06-06 07:41:48,370 : INFO : space-syntax : Performing segment analysis -> Loading graph /results/Priene_mapa_2/Priene_mapa_2/osm-segment-map.graph ok
2023-06-06 07:41:48,389 : INFO : space-syntax : Performing axial analysis -> Running axial analysis... ok
2023-06-06 07:41:48,390 : INFO : space-syntax : Performing axial analysis -> Writing out result... ok
2023-06-06 07:41:48,391 : INFO : space-syntax : ['depthmapXcli -m AXIAL -f /results/Priene_mapa_2/Priene_mapa_2/osm-axial-map.graph -o /results/Priene_mapa_2/Priene_mapa_2/osm-axial-analysis.graph -p -xa n -xac 3,300,n' exited with None] and took 0:00:00.039520¬
2023-06-06 07:41:48,391 : INFO : space-syntax : running: depthmapXcli -m EXPORT -f /results/Priene_mapa_2/Priene_mapa_2/osm-axial-analysis.graph -o /results/Priene_mapa_2/Priene_mapa_2/osm.axial.mif -em shapegraph-map-mif because: Exporting axial analysis to mif
2023-06-06 07:41:48,402 : INFO : space-syntax : Exporting axial analysis to mif -> Loading graph /results/Priene_mapa_2/Priene_mapa_2/osm-axial-analysis.graph ok
2023-06-06 07:41:48,408 : INFO : space-syntax : ['depthmapXcli -m EXPORT -f /results/Priene_mapa_2/Priene_mapa_2/osm-axial-analysis.graph -o /results/Priene_mapa_2/Priene_mapa_2/osm.axial.mif -em shapegraph-map-mif' exited with 0] and took 0:00:00.017225¬
2023-06-06 07:41:48,593 : INFO : space-syntax : Performing segment analysis -> Running segment analysis... ok
2023-06-06 07:41:48,593 : INFO : space-syntax : Performing segment analysis -> Writing out result... ok
2023-06-06 07:41:48,593 : INFO : space-syntax : ['depthmapXcli -m SEGMENT -f /results/Priene_mapa_2/Priene_mapa_2/osm-segment-map.graph -o /results/Priene_mapa_2/Priene_mapa_2/osm-segment-analysis.graph -p  -st tulip -srt metric -sic n -stb 1024 -sr 300,1000,n' exited with 0] and took 0:00:00.234991¬
2023-06-06 07:41:48,593 : INFO : space-syntax : running: depthmapXcli -m EXPORT -f /results/Priene_mapa_2/Priene_mapa_2/osm-segment-analysis.graph -o /results/Priene_mapa_2/Priene_mapa_2/osm.segment.mif -em shapegraph-map-mif because: Exporting segment analysis to mif
2023-06-06 07:41:48,608 : INFO : space-syntax : Exporting segment analysis to mif -> Loading graph /results/Priene_mapa_2/Priene_mapa_2/osm-segment-analysis.graph ok
2023-06-06 07:41:48,616 : INFO : space-syntax : ['depthmapXcli -m EXPORT -f /results/Priene_mapa_2/Priene_mapa_2/osm-segment-analysis.graph -o /results/Priene_mapa_2/Priene_mapa_2/osm.segment.mif -em shapegraph-map-mif' exited with 0] and took 0:00:00.022712¬
2023-06-06 07:41:48,820 : INFO : space-syntax : Exported axial files: 
2023-06-06 07:41:48,820 : INFO : space-syntax : Exported segment files: 
2023-06-06 07:41:48,821 : INFO : space-syntax : Operation Priene_mapa_2 took 0:00:02.599981
2023-06-14 20:34:28,109 : INFO : space-syntax : Starting operation Priene_mapa_2
2023-06-14 20:34:28,109 : INFO : space-syntax : Downloading osm files...
2023-06-14 20:34:28,109 : INFO : space-syntax : Downloading map for: Priene_mapa_2.osm ...
2023-06-14 20:34:28,342 : INFO : space-syntax : Downloading osm files took 0:00:00.234254
2023-06-14 20:34:28,342 : INFO : space-syntax : Converting /results/Priene_mapa_2/Priene_mapa_2/osm.shp to /results/Priene_mapa_2/Priene_mapa_2/osm.dxf
2023-06-14 20:34:28,553 : INFO : space-syntax : CRS:  epsg:32635
2023-06-14 20:34:28,579 : INFO : space-syntax : running: depthmapXcli -v  because: Using depthmapX cli version:
2023-06-14 20:34:28,589 : INFO : space-syntax : Using depthmapX cli version: -> depthmapX 0.8.0
2023-06-14 20:34:28,590 : INFO : space-syntax : ['depthmapXcli -v ' exited with 0] and took 0:00:00.011106¬
2023-06-14 20:34:28,590 : INFO : space-syntax : running: depthmapXcli -m IMPORT -it drawing -f '/results/Priene_mapa_2/Priene_mapa_2/osm.dxf' -o '/results/Priene_mapa_2/Priene_mapa_2/osm.graph'  because: Transform dxf to shape file
2023-06-14 20:34:28,603 : INFO : space-syntax : ["depthmapXcli -m IMPORT -it drawing -f '/results/Priene_mapa_2/Priene_mapa_2/osm.dxf' -o '/results/Priene_mapa_2/Priene_mapa_2/osm.graph' " exited with None] and took 0:00:00.012904¬
2023-06-14 20:34:28,604 : INFO : space-syntax : running: depthmapXcli -m MAPCONVERT -f /results/Priene_mapa_2/Priene_mapa_2/osm.graph -o /results/Priene_mapa_2/Priene_mapa_2/osm-axial-map.graph -p -co axial -con axialMap because: Converting to axial map
2023-06-14 20:34:28,609 : INFO : space-syntax : This operation may take longer than 25 minutes to complete!!!
2023-06-14 20:34:28,609 : INFO : space-syntax : running: depthmapXcli -m MAPCONVERT -f /results/Priene_mapa_2/Priene_mapa_2/osm.graph -o /results/Priene_mapa_2/Priene_mapa_2/osm-segment-map.graph -p -co segment -con segmentMap because: Converting to segment map
2023-06-14 20:34:28,615 : INFO : space-syntax : Converting to axial map -> Loading graph /results/Priene_mapa_2/Priene_mapa_2/osm.graph ok
2023-06-14 20:34:28,618 : INFO : space-syntax : Converting to segment map -> Loading graph /results/Priene_mapa_2/Priene_mapa_2/osm.graph ok
2023-06-14 20:34:28,621 : INFO : space-syntax : Converting to axial map ->  ok
2023-06-14 20:34:28,621 : INFO : space-syntax : Converting to axial map -> Writing out result... ok
2023-06-14 20:34:28,622 : INFO : space-syntax : ['depthmapXcli -m MAPCONVERT -f /results/Priene_mapa_2/Priene_mapa_2/osm.graph -o /results/Priene_mapa_2/Priene_mapa_2/osm-axial-map.graph -p -co axial -con axialMap' exited with 0] and took 0:00:00.018601¬
2023-06-14 20:34:28,622 : INFO : space-syntax : running: depthmapXcli -m AXIAL -f /results/Priene_mapa_2/Priene_mapa_2/osm-axial-map.graph -o /results/Priene_mapa_2/Priene_mapa_2/osm-axial-analysis.graph -p -xa n -xac 3,300,n because: Performing axial analysis
2023-06-14 20:34:28,629 : INFO : space-syntax : Converting to segment map ->  ok
2023-06-14 20:34:28,629 : INFO : space-syntax : Converting to segment map -> Writing out result... ok
2023-06-14 20:34:28,629 : INFO : space-syntax : ['depthmapXcli -m MAPCONVERT -f /results/Priene_mapa_2/Priene_mapa_2/osm.graph -o /results/Priene_mapa_2/Priene_mapa_2/osm-segment-map.graph -p -co segment -con segmentMap' exited with 0] and took 0:00:00.019862¬
2023-06-14 20:34:28,629 : INFO : space-syntax : running: depthmapXcli -m SEGMENT -f /results/Priene_mapa_2/Priene_mapa_2/osm-segment-map.graph -o /results/Priene_mapa_2/Priene_mapa_2/osm-segment-analysis.graph -p  -st tulip -srt metric -sic n -stb 1024 -sr 300,1000,n because: Performing segment analysis
2023-06-14 20:34:28,635 : INFO : space-syntax : Performing axial analysis -> Loading graph /results/Priene_mapa_2/Priene_mapa_2/osm-axial-map.graph ok
2023-06-14 20:34:28,641 : INFO : space-syntax : Performing segment analysis -> Loading graph /results/Priene_mapa_2/Priene_mapa_2/osm-segment-map.graph ok
2023-06-14 20:34:28,661 : INFO : space-syntax : Performing axial analysis -> Running axial analysis... ok
2023-06-14 20:34:28,661 : INFO : space-syntax : Performing axial analysis -> Writing out result... ok
2023-06-14 20:34:28,662 : INFO : space-syntax : ['depthmapXcli -m AXIAL -f /results/Priene_mapa_2/Priene_mapa_2/osm-axial-map.graph -o /results/Priene_mapa_2/Priene_mapa_2/osm-axial-analysis.graph -p -xa n -xac 3,300,n' exited with 0] and took 0:00:00.039677¬
2023-06-14 20:34:28,662 : INFO : space-syntax : running: depthmapXcli -m EXPORT -f /results/Priene_mapa_2/Priene_mapa_2/osm-axial-analysis.graph -o /results/Priene_mapa_2/Priene_mapa_2/osm.axial.mif -em shapegraph-map-mif because: Exporting axial analysis to mif
2023-06-14 20:34:28,673 : INFO : space-syntax : Exporting axial analysis to mif -> Loading graph /results/Priene_mapa_2/Priene_mapa_2/osm-axial-analysis.graph ok
2023-06-14 20:34:28,680 : INFO : space-syntax : ['depthmapXcli -m EXPORT -f /results/Priene_mapa_2/Priene_mapa_2/osm-axial-analysis.graph -o /results/Priene_mapa_2/Priene_mapa_2/osm.axial.mif -em shapegraph-map-mif' exited with 0] and took 0:00:00.018007¬
2023-06-14 20:34:28,826 : INFO : space-syntax : Performing segment analysis -> Running segment analysis... ok
2023-06-14 20:34:28,826 : INFO : space-syntax : Performing segment analysis -> Writing out result... ok
2023-06-14 20:34:28,826 : INFO : space-syntax : ['depthmapXcli -m SEGMENT -f /results/Priene_mapa_2/Priene_mapa_2/osm-segment-map.graph -o /results/Priene_mapa_2/Priene_mapa_2/osm-segment-analysis.graph -p  -st tulip -srt metric -sic n -stb 1024 -sr 300,1000,n' exited with 0] and took 0:00:00.196782¬
2023-06-14 20:34:28,826 : INFO : space-syntax : running: depthmapXcli -m EXPORT -f /results/Priene_mapa_2/Priene_mapa_2/osm-segment-analysis.graph -o /results/Priene_mapa_2/Priene_mapa_2/osm.segment.mif -em shapegraph-map-mif because: Exporting segment analysis to mif
2023-06-14 20:34:28,840 : INFO : space-syntax : Exporting segment analysis to mif -> Loading graph /results/Priene_mapa_2/Priene_mapa_2/osm-segment-analysis.graph ok
2023-06-14 20:34:28,848 : INFO : space-syntax : ['depthmapXcli -m EXPORT -f /results/Priene_mapa_2/Priene_mapa_2/osm-segment-analysis.graph -o /results/Priene_mapa_2/Priene_mapa_2/osm.segment.mif -em shapegraph-map-mif' exited with 0] and took 0:00:00.022043¬
2023-06-14 20:34:29,013 : INFO : space-syntax : Exported axial files: 
2023-06-14 20:34:29,013 : INFO : space-syntax : Exported segment files: 
2023-06-14 20:34:29,013 : INFO : space-syntax : Operation Priene_mapa_2 took 0:00:00.905497
2023-06-15 11:22:23,656 : INFO : space-syntax : Starting operation Priene_mapa_2
2023-06-15 11:22:23,657 : INFO : space-syntax : Downloading osm files...
2023-06-15 11:22:23,657 : INFO : space-syntax : Downloading map for: Priene_mapa_2.osm ...
2023-06-15 11:22:23,904 : INFO : space-syntax : Downloading osm files took 0:00:00.249127
2023-06-15 11:22:23,904 : INFO : space-syntax : Converting /results/Priene_mapa_2/Priene_mapa_2/osm.shp to /results/Priene_mapa_2/Priene_mapa_2/osm.dxf
2023-06-15 11:22:24,132 : INFO : space-syntax : CRS:  epsg:32635
2023-06-15 11:22:24,160 : INFO : space-syntax : running: depthmapXcli -v  because: Using depthmapX cli version:
2023-06-15 11:22:24,173 : INFO : space-syntax : Using depthmapX cli version: -> depthmapX 0.8.0
2023-06-15 11:22:24,174 : INFO : space-syntax : ['depthmapXcli -v ' exited with 0] and took 0:00:00.014306¬
2023-06-15 11:22:24,174 : INFO : space-syntax : running: depthmapXcli -m IMPORT -it drawing -f '/results/Priene_mapa_2/Priene_mapa_2/osm.dxf' -o '/results/Priene_mapa_2/Priene_mapa_2/osm.graph'  because: Transform dxf to shape file
2023-06-15 11:22:24,190 : INFO : space-syntax : ["depthmapXcli -m IMPORT -it drawing -f '/results/Priene_mapa_2/Priene_mapa_2/osm.dxf' -o '/results/Priene_mapa_2/Priene_mapa_2/osm.graph' " exited with None] and took 0:00:00.015238¬
2023-06-15 11:22:24,190 : INFO : space-syntax : running: depthmapXcli -m MAPCONVERT -f /results/Priene_mapa_2/Priene_mapa_2/osm.graph -o /results/Priene_mapa_2/Priene_mapa_2/osm-axial-map.graph -p -co axial -con axialMap because: Converting to axial map
2023-06-15 11:22:24,197 : INFO : space-syntax : This operation may take longer than 25 minutes to complete!!!
2023-06-15 11:22:24,197 : INFO : space-syntax : running: depthmapXcli -m MAPCONVERT -f /results/Priene_mapa_2/Priene_mapa_2/osm.graph -o /results/Priene_mapa_2/Priene_mapa_2/osm-segment-map.graph -p -co segment -con segmentMap because: Converting to segment map
2023-06-15 11:22:24,204 : INFO : space-syntax : Converting to axial map -> Loading graph /results/Priene_mapa_2/Priene_mapa_2/osm.graph ok
2023-06-15 11:22:24,206 : INFO : space-syntax : Converting to segment map -> Loading graph /results/Priene_mapa_2/Priene_mapa_2/osm.graph ok
2023-06-15 11:22:24,208 : INFO : space-syntax : Converting to axial map ->  ok
2023-06-15 11:22:24,208 : INFO : space-syntax : Converting to axial map -> Writing out result... ok
2023-06-15 11:22:24,209 : INFO : space-syntax : ['depthmapXcli -m MAPCONVERT -f /results/Priene_mapa_2/Priene_mapa_2/osm.graph -o /results/Priene_mapa_2/Priene_mapa_2/osm-axial-map.graph -p -co axial -con axialMap' exited with 0] and took 0:00:00.019044¬
2023-06-15 11:22:24,210 : INFO : space-syntax : running: depthmapXcli -m AXIAL -f /results/Priene_mapa_2/Priene_mapa_2/osm-axial-map.graph -o /results/Priene_mapa_2/Priene_mapa_2/osm-axial-analysis.graph -p -xa n -xac 3,300,n because: Performing axial analysis
2023-06-15 11:22:24,218 : INFO : space-syntax : Converting to segment map ->  ok
2023-06-15 11:22:24,218 : INFO : space-syntax : Converting to segment map -> Writing out result... ok
2023-06-15 11:22:24,219 : INFO : space-syntax : ['depthmapXcli -m MAPCONVERT -f /results/Priene_mapa_2/Priene_mapa_2/osm.graph -o /results/Priene_mapa_2/Priene_mapa_2/osm-segment-map.graph -p -co segment -con segmentMap' exited with 0] and took 0:00:00.021687¬
2023-06-15 11:22:24,219 : INFO : space-syntax : running: depthmapXcli -m SEGMENT -f /results/Priene_mapa_2/Priene_mapa_2/osm-segment-map.graph -o /results/Priene_mapa_2/Priene_mapa_2/osm-segment-analysis.graph -p  -st tulip -srt metric -sic n -stb 1024 -sr 300,1000,n because: Performing segment analysis
2023-06-15 11:22:24,226 : INFO : space-syntax : Performing axial analysis -> Loading graph /results/Priene_mapa_2/Priene_mapa_2/osm-axial-map.graph ok
2023-06-15 11:22:24,231 : INFO : space-syntax : Performing segment analysis -> Loading graph /results/Priene_mapa_2/Priene_mapa_2/osm-segment-map.graph ok
2023-06-15 11:22:24,251 : INFO : space-syntax : Performing axial analysis -> Running axial analysis... ok
2023-06-15 11:22:24,251 : INFO : space-syntax : Performing axial analysis -> Writing out result... ok
2023-06-15 11:22:24,252 : INFO : space-syntax : ['depthmapXcli -m AXIAL -f /results/Priene_mapa_2/Priene_mapa_2/osm-axial-map.graph -o /results/Priene_mapa_2/Priene_mapa_2/osm-axial-analysis.graph -p -xa n -xac 3,300,n' exited with None] and took 0:00:00.042893¬
2023-06-15 11:22:24,253 : INFO : space-syntax : running: depthmapXcli -m EXPORT -f /results/Priene_mapa_2/Priene_mapa_2/osm-axial-analysis.graph -o /results/Priene_mapa_2/Priene_mapa_2/osm.axial.mif -em shapegraph-map-mif because: Exporting axial analysis to mif
2023-06-15 11:22:24,264 : INFO : space-syntax : Exporting axial analysis to mif -> Loading graph /results/Priene_mapa_2/Priene_mapa_2/osm-axial-analysis.graph ok
2023-06-15 11:22:24,271 : INFO : space-syntax : ['depthmapXcli -m EXPORT -f /results/Priene_mapa_2/Priene_mapa_2/osm-axial-analysis.graph -o /results/Priene_mapa_2/Priene_mapa_2/osm.axial.mif -em shapegraph-map-mif' exited with 0] and took 0:00:00.018783¬
2023-06-15 11:22:24,416 : INFO : space-syntax : Performing segment analysis -> Running segment analysis... ok
2023-06-15 11:22:24,416 : INFO : space-syntax : Performing segment analysis -> Writing out result... ok
2023-06-15 11:22:24,416 : INFO : space-syntax : ['depthmapXcli -m SEGMENT -f /results/Priene_mapa_2/Priene_mapa_2/osm-segment-map.graph -o /results/Priene_mapa_2/Priene_mapa_2/osm-segment-analysis.graph -p  -st tulip -srt metric -sic n -stb 1024 -sr 300,1000,n' exited with 0] and took 0:00:00.197415¬
2023-06-15 11:22:24,416 : INFO : space-syntax : running: depthmapXcli -m EXPORT -f /results/Priene_mapa_2/Priene_mapa_2/osm-segment-analysis.graph -o /results/Priene_mapa_2/Priene_mapa_2/osm.segment.mif -em shapegraph-map-mif because: Exporting segment analysis to mif
2023-06-15 11:22:24,431 : INFO : space-syntax : Exporting segment analysis to mif -> Loading graph /results/Priene_mapa_2/Priene_mapa_2/osm-segment-analysis.graph ok
2023-06-15 11:22:24,439 : INFO : space-syntax : ['depthmapXcli -m EXPORT -f /results/Priene_mapa_2/Priene_mapa_2/osm-segment-analysis.graph -o /results/Priene_mapa_2/Priene_mapa_2/osm.segment.mif -em shapegraph-map-mif' exited with 0] and took 0:00:00.022292¬
2023-06-15 11:22:24,601 : INFO : space-syntax : Exported axial files: 
2023-06-15 11:22:24,602 : INFO : space-syntax : Exported segment files: 
2023-06-15 11:22:24,602 : INFO : space-syntax : Operation Priene_mapa_2 took 0:00:00.946846
